<?xml version="1.0" encoding="UTF-8" standalone="yes"?><!DOCTYPE report PUBLIC "-//JACOCO//DTD Report 1.1//EN" "report.dtd"><report name="Skooter"><sessioninfo id="LAPTOP-D5164SFA-89f5e7cb" start="1718674525614" dump="1718674526730"/><package name="com/example/Skooter/Controler"><class name="com/example/Skooter/Controler/Fases" sourcefilename="Fases.java"><method name="&lt;init&gt;" desc="()V" line="14"><counter type="INSTRUCTION" missed="6" covered="0"/><counter type="LINE" missed="2" covered="0"/><counter type="COMPLEXITY" missed="1" covered="0"/><counter type="METHOD" missed="1" covered="0"/></method><method name="setFase1" desc="(Lcom/example/Skooter/Modelo/Skoot;)V" line="17"><counter type="INSTRUCTION" missed="748" covered="0"/><counter type="LINE" missed="174" covered="0"/><counter type="COMPLEXITY" missed="1" covered="0"/><counter type="METHOD" missed="1" covered="0"/></method><method name="setFase2" desc="(Lcom/example/Skooter/Modelo/Skoot;)V" line="256"><counter type="INSTRUCTION" missed="748" covered="0"/><counter type="LINE" missed="174" covered="0"/><counter type="COMPLEXITY" missed="1" covered="0"/><counter type="METHOD" missed="1" covered="0"/></method><method name="setFase3" desc="(Lcom/example/Skooter/Modelo/Skoot;)V" line="506"><counter type="INSTRUCTION" missed="735" covered="0"/><counter type="LINE" missed="171" covered="0"/><counter type="COMPLEXITY" missed="1" covered="0"/><counter type="METHOD" missed="1" covered="0"/></method><method name="setFase4" desc="(Lcom/example/Skooter/Modelo/Skoot;)V" line="743"><counter type="INSTRUCTION" missed="826" covered="0"/><counter type="LINE" missed="192" covered="0"/><counter type="COMPLEXITY" missed="1" covered="0"/><counter type="METHOD" missed="1" covered="0"/></method><method name="setFase5" desc="(Lcom/example/Skooter/Modelo/Skoot;)V" line="1010"><counter type="INSTRUCTION" missed="1392" covered="0"/><counter type="BRANCH" missed="2" covered="0"/><counter type="LINE" missed="322" covered="0"/><counter type="COMPLEXITY" missed="2" covered="0"/><counter type="METHOD" missed="1" covered="0"/></method><method name="setNivel" desc="(I)V" line="1447"><counter type="INSTRUCTION" missed="4" covered="0"/><counter type="LINE" missed="2" covered="0"/><counter type="COMPLEXITY" missed="1" covered="0"/><counter type="METHOD" missed="1" covered="0"/></method><method name="getNivel" desc="()I" line="1451"><counter type="INSTRUCTION" missed="3" covered="0"/><counter type="LINE" missed="1" covered="0"/><counter type="COMPLEXITY" missed="1" covered="0"/><counter type="METHOD" missed="1" covered="0"/></method><counter type="INSTRUCTION" missed="4462" covered="0"/><counter type="BRANCH" missed="2" covered="0"/><counter type="LINE" missed="1038" covered="0"/><counter type="COMPLEXITY" missed="9" covered="0"/><counter type="METHOD" missed="8" covered="0"/><counter type="CLASS" missed="1" covered="0"/></class><class name="com/example/Skooter/Controler/Tela" sourcefilename="Tela.java"><method name="&lt;init&gt;" desc="()V" line="35"><counter type="INSTRUCTION" missed="46" covered="0"/><counter type="LINE" missed="11" covered="0"/><counter type="COMPLEXITY" missed="1" covered="0"/><counter type="METHOD" missed="1" covered="0"/></method><method name="addPersonagem" desc="(Lcom/example/Skooter/Modelo/Personagem;)V" line="57"><counter type="INSTRUCTION" missed="6" covered="0"/><counter type="LINE" missed="2" covered="0"/><counter type="COMPLEXITY" missed="1" covered="0"/><counter type="METHOD" missed="1" covered="0"/></method><method name="removePersonagem" desc="(Lcom/example/Skooter/Modelo/Personagem;)V" line="61"><counter type="INSTRUCTION" missed="6" covered="0"/><counter type="LINE" missed="2" covered="0"/><counter type="COMPLEXITY" missed="1" covered="0"/><counter type="METHOD" missed="1" covered="0"/></method><method name="getGraphicsBuffer" desc="()Ljava/awt/Graphics;" line="65"><counter type="INSTRUCTION" missed="3" covered="0"/><counter type="LINE" missed="1" covered="0"/><counter type="COMPLEXITY" missed="1" covered="0"/><counter type="METHOD" missed="1" covered="0"/></method><method name="paint" desc="(Ljava/awt/Graphics;)V" line="68"><counter type="INSTRUCTION" missed="561" covered="0"/><counter type="BRANCH" missed="52" covered="0"/><counter type="LINE" missed="97" covered="0"/><counter type="COMPLEXITY" missed="27" covered="0"/><counter type="METHOD" missed="1" covered="0"/></method><method name="go" desc="()V" line="203"><counter type="INSTRUCTION" missed="15" covered="0"/><counter type="LINE" missed="4" covered="0"/><counter type="COMPLEXITY" missed="1" covered="0"/><counter type="METHOD" missed="1" covered="0"/></method><method name="keyPressed" desc="(Ljava/awt/event/KeyEvent;)V" line="214"><counter type="INSTRUCTION" missed="274" covered="0"/><counter type="BRANCH" missed="54" covered="0"/><counter type="LINE" missed="59" covered="0"/><counter type="COMPLEXITY" missed="28" covered="0"/><counter type="METHOD" missed="1" covered="0"/></method><method name="mousePressed" desc="(Ljava/awt/event/MouseEvent;)V" line="319"><counter type="INSTRUCTION" missed="29" covered="0"/><counter type="LINE" missed="6" covered="0"/><counter type="COMPLEXITY" missed="1" covered="0"/><counter type="METHOD" missed="1" covered="0"/></method><method name="initComponents" desc="()V" line="334"><counter type="INSTRUCTION" missed="46" covered="0"/><counter type="LINE" missed="15" covered="0"/><counter type="COMPLEXITY" missed="1" covered="0"/><counter type="METHOD" missed="1" covered="0"/></method><method name="mouseMoved" desc="(Ljava/awt/event/MouseEvent;)V" line="357"><counter type="INSTRUCTION" missed="1" covered="0"/><counter type="LINE" missed="1" covered="0"/><counter type="COMPLEXITY" missed="1" covered="0"/><counter type="METHOD" missed="1" covered="0"/></method><method name="mouseClicked" desc="(Ljava/awt/event/MouseEvent;)V" line="360"><counter type="INSTRUCTION" missed="1" covered="0"/><counter type="LINE" missed="1" covered="0"/><counter type="COMPLEXITY" missed="1" covered="0"/><counter type="METHOD" missed="1" covered="0"/></method><method name="mouseReleased" desc="(Ljava/awt/event/MouseEvent;)V" line="363"><counter type="INSTRUCTION" missed="1" covered="0"/><counter type="LINE" missed="1" covered="0"/><counter type="COMPLEXITY" missed="1" covered="0"/><counter type="METHOD" missed="1" covered="0"/></method><method name="mouseEntered" desc="(Ljava/awt/event/MouseEvent;)V" line="366"><counter type="INSTRUCTION" missed="1" covered="0"/><counter type="LINE" missed="1" covered="0"/><counter type="COMPLEXITY" missed="1" covered="0"/><counter type="METHOD" missed="1" covered="0"/></method><method name="mouseExited" desc="(Ljava/awt/event/MouseEvent;)V" line="369"><counter type="INSTRUCTION" missed="1" covered="0"/><counter type="LINE" missed="1" covered="0"/><counter type="COMPLEXITY" missed="1" covered="0"/><counter type="METHOD" missed="1" covered="0"/></method><method name="mouseDragged" desc="(Ljava/awt/event/MouseEvent;)V" line="372"><counter type="INSTRUCTION" missed="1" covered="0"/><counter type="LINE" missed="1" covered="0"/><counter type="COMPLEXITY" missed="1" covered="0"/><counter type="METHOD" missed="1" covered="0"/></method><method name="keyTyped" desc="(Ljava/awt/event/KeyEvent;)V" line="375"><counter type="INSTRUCTION" missed="1" covered="0"/><counter type="LINE" missed="1" covered="0"/><counter type="COMPLEXITY" missed="1" covered="0"/><counter type="METHOD" missed="1" covered="0"/></method><method name="keyReleased" desc="(Ljava/awt/event/KeyEvent;)V" line="378"><counter type="INSTRUCTION" missed="1" covered="0"/><counter type="LINE" missed="1" covered="0"/><counter type="COMPLEXITY" missed="1" covered="0"/><counter type="METHOD" missed="1" covered="0"/></method><method name="colisao" desc="(Lcom/example/Skooter/Auxiliar/Posicao;I)Ljava/lang/Boolean;" line="383"><counter type="INSTRUCTION" missed="52" covered="0"/><counter type="BRANCH" missed="12" covered="0"/><counter type="LINE" missed="12" covered="0"/><counter type="COMPLEXITY" missed="7" covered="0"/><counter type="METHOD" missed="1" covered="0"/></method><method name="colisao2" desc="(Lcom/example/Skooter/Auxiliar/Posicao;)Ljava/lang/Boolean;" line="407"><counter type="INSTRUCTION" missed="31" covered="0"/><counter type="BRANCH" missed="6" covered="0"/><counter type="LINE" missed="6" covered="0"/><counter type="COMPLEXITY" missed="4" covered="0"/><counter type="METHOD" missed="1" covered="0"/></method><method name="empurrar" desc="(Lcom/example/Skooter/Modelo/Personagem;I)Z" line="423"><counter type="INSTRUCTION" missed="146" covered="0"/><counter type="BRANCH" missed="29" covered="0"/><counter type="LINE" missed="35" covered="0"/><counter type="COMPLEXITY" missed="17" covered="0"/><counter type="METHOD" missed="1" covered="0"/></method><method name="caiuEmSeta" desc="()Z" line="484"><counter type="INSTRUCTION" missed="58" covered="0"/><counter type="BRANCH" missed="13" covered="0"/><counter type="LINE" missed="13" covered="0"/><counter type="COMPLEXITY" missed="9" covered="0"/><counter type="METHOD" missed="1" covered="0"/></method><method name="salvar" desc="(Lcom/example/Skooter/Controler/Fases;I)V" line="513"><counter type="INSTRUCTION" missed="25" covered="0"/><counter type="LINE" missed="10" covered="0"/><counter type="COMPLEXITY" missed="1" covered="0"/><counter type="METHOD" missed="1" covered="0"/></method><method name="recarregar" desc="()Lcom/example/Skooter/Controler/Fases;" line="527"><counter type="INSTRUCTION" missed="36" covered="0"/><counter type="BRANCH" missed="2" covered="0"/><counter type="LINE" missed="14" covered="0"/><counter type="COMPLEXITY" missed="2" covered="0"/><counter type="METHOD" missed="1" covered="0"/></method><method name="carregaSkoot" desc="()Lcom/example/Skooter/Modelo/Skoot;" line="551"><counter type="INSTRUCTION" missed="20" covered="0"/><counter type="BRANCH" missed="4" covered="0"/><counter type="LINE" missed="5" covered="0"/><counter type="COMPLEXITY" missed="3" covered="0"/><counter type="METHOD" missed="1" covered="0"/></method><counter type="INSTRUCTION" missed="1362" covered="0"/><counter type="BRANCH" missed="172" covered="0"/><counter type="LINE" missed="300" covered="0"/><counter type="COMPLEXITY" missed="113" covered="0"/><counter type="METHOD" missed="24" covered="0"/><counter type="CLASS" missed="1" covered="0"/></class><class name="com/example/Skooter/Controler/Tela$1" sourcefilename="Tela.java"><method name="&lt;init&gt;" desc="(Lcom/example/Skooter/Controler/Tela;)V" line="203"><counter type="INSTRUCTION" missed="6" covered="0"/><counter type="LINE" missed="1" covered="0"/><counter type="COMPLEXITY" missed="1" covered="0"/><counter type="METHOD" missed="1" covered="0"/></method><method name="run" desc="()V" line="205"><counter type="INSTRUCTION" missed="4" covered="0"/><counter type="LINE" missed="2" covered="0"/><counter type="COMPLEXITY" missed="1" covered="0"/><counter type="METHOD" missed="1" covered="0"/></method><counter type="INSTRUCTION" missed="10" covered="0"/><counter type="LINE" missed="3" covered="0"/><counter type="COMPLEXITY" missed="2" covered="0"/><counter type="METHOD" missed="2" covered="0"/><counter type="CLASS" missed="1" covered="0"/></class><class name="com/example/Skooter/Controler/ControleDeJogo" sourcefilename="ControleDeJogo.java"><method name="&lt;init&gt;" desc="()V" line="13"><counter type="INSTRUCTION" missed="9" covered="0"/><counter type="LINE" missed="4" covered="0"/><counter type="COMPLEXITY" missed="1" covered="0"/><counter type="METHOD" missed="1" covered="0"/></method><method name="desenhaTudo" desc="(Ljava/util/ArrayList;)V" line="20"><counter type="INSTRUCTION" missed="14" covered="0"/><counter type="BRANCH" missed="2" covered="0"/><counter type="LINE" missed="4" covered="0"/><counter type="COMPLEXITY" missed="2" covered="0"/><counter type="METHOD" missed="1" covered="0"/></method><method name="processaTudo" desc="(Ljava/util/ArrayList;)V" line="27"><counter type="INSTRUCTION" missed="38" covered="0"/><counter type="BRANCH" missed="10" covered="0"/><counter type="LINE" missed="7" covered="0"/><counter type="COMPLEXITY" missed="6" covered="0"/><counter type="METHOD" missed="1" covered="0"/></method><method name="temFruta" desc="(Ljava/util/ArrayList;)Z" line="48"><counter type="INSTRUCTION" missed="20" covered="0"/><counter type="BRANCH" missed="4" covered="0"/><counter type="LINE" missed="5" covered="0"/><counter type="COMPLEXITY" missed="3" covered="0"/><counter type="METHOD" missed="1" covered="0"/></method><method name="iniciarJogo" desc="()V" line="64"><counter type="INSTRUCTION" missed="7" covered="0"/><counter type="LINE" missed="3" covered="0"/><counter type="COMPLEXITY" missed="1" covered="0"/><counter type="METHOD" missed="1" covered="0"/></method><method name="getFaseAtual" desc="()I" line="70"><counter type="INSTRUCTION" missed="3" covered="0"/><counter type="LINE" missed="1" covered="0"/><counter type="COMPLEXITY" missed="1" covered="0"/><counter type="METHOD" missed="1" covered="0"/></method><method name="getVidas" desc="()I" line="75"><counter type="INSTRUCTION" missed="3" covered="0"/><counter type="LINE" missed="1" covered="0"/><counter type="COMPLEXITY" missed="1" covered="0"/><counter type="METHOD" missed="1" covered="0"/></method><method name="perderVida" desc="()V" line="80"><counter type="INSTRUCTION" missed="10" covered="0"/><counter type="BRANCH" missed="2" covered="0"/><counter type="LINE" missed="3" covered="0"/><counter type="COMPLEXITY" missed="2" covered="0"/><counter type="METHOD" missed="1" covered="0"/></method><counter type="INSTRUCTION" missed="104" covered="0"/><counter type="BRANCH" missed="18" covered="0"/><counter type="LINE" missed="28" covered="0"/><counter type="COMPLEXITY" missed="17" covered="0"/><counter type="METHOD" missed="8" covered="0"/><counter type="CLASS" missed="1" covered="0"/></class><sourcefile name="Fases.java"><line nr="14" mi="2" ci="0" mb="0" cb="0"/><line nr="17" mi="2" ci="0" mb="0" cb="0"/><line nr="18" mi="4" ci="0" mb="0" cb="0"/><line nr="23" mi="5" ci="0" mb="0" cb="0"/><line nr="24" mi="4" ci="0" mb="0" cb="0"/><line nr="25" mi="4" ci="0" mb="0" cb="0"/><line nr="27" mi="5" ci="0" mb="0" cb="0"/><line nr="28" mi="4" ci="0" mb="0" cb="0"/><line nr="29" mi="4" ci="0" mb="0" cb="0"/><line nr="31" mi="5" ci="0" mb="0" cb="0"/><line nr="32" mi="4" ci="0" mb="0" cb="0"/><line nr="33" mi="4" ci="0" mb="0" cb="0"/><line nr="35" mi="5" ci="0" mb="0" cb="0"/><line nr="36" mi="4" ci="0" mb="0" cb="0"/><line nr="37" mi="4" ci="0" mb="0" cb="0"/><line nr="39" mi="5" ci="0" mb="0" cb="0"/><line nr="40" mi="4" ci="0" mb="0" cb="0"/><line nr="41" mi="4" ci="0" mb="0" cb="0"/><line nr="43" mi="5" ci="0" mb="0" cb="0"/><line nr="44" mi="4" ci="0" mb="0" cb="0"/><line nr="45" mi="4" ci="0" mb="0" cb="0"/><line nr="47" mi="5" ci="0" mb="0" cb="0"/><line nr="48" mi="4" ci="0" mb="0" cb="0"/><line nr="49" mi="4" ci="0" mb="0" cb="0"/><line nr="51" mi="5" ci="0" mb="0" cb="0"/><line nr="52" mi="4" ci="0" mb="0" cb="0"/><line nr="53" mi="4" ci="0" mb="0" cb="0"/><line nr="55" mi="5" ci="0" mb="0" cb="0"/><line nr="56" mi="4" ci="0" mb="0" cb="0"/><line nr="57" mi="4" ci="0" mb="0" cb="0"/><line nr="59" mi="5" ci="0" mb="0" cb="0"/><line nr="60" mi="4" ci="0" mb="0" cb="0"/><line nr="61" mi="4" ci="0" mb="0" cb="0"/><line nr="63" mi="5" ci="0" mb="0" cb="0"/><line nr="64" mi="4" ci="0" mb="0" cb="0"/><line nr="65" mi="4" ci="0" mb="0" cb="0"/><line nr="67" mi="5" ci="0" mb="0" cb="0"/><line nr="68" mi="4" ci="0" mb="0" cb="0"/><line nr="69" mi="4" ci="0" mb="0" cb="0"/><line nr="71" mi="5" ci="0" mb="0" cb="0"/><line nr="72" mi="4" ci="0" mb="0" cb="0"/><line nr="73" mi="4" ci="0" mb="0" cb="0"/><line nr="75" mi="5" ci="0" mb="0" cb="0"/><line nr="76" mi="4" ci="0" mb="0" cb="0"/><line nr="77" mi="4" ci="0" mb="0" cb="0"/><line nr="79" mi="5" ci="0" mb="0" cb="0"/><line nr="80" mi="4" ci="0" mb="0" cb="0"/><line nr="81" mi="4" ci="0" mb="0" cb="0"/><line nr="83" mi="5" ci="0" mb="0" cb="0"/><line nr="84" mi="4" ci="0" mb="0" cb="0"/><line nr="85" mi="4" ci="0" mb="0" cb="0"/><line nr="87" mi="5" ci="0" mb="0" cb="0"/><line nr="88" mi="4" ci="0" mb="0" cb="0"/><line nr="89" mi="4" ci="0" mb="0" cb="0"/><line nr="91" mi="5" ci="0" mb="0" cb="0"/><line nr="92" mi="4" ci="0" mb="0" cb="0"/><line nr="93" mi="4" ci="0" mb="0" cb="0"/><line nr="95" mi="5" ci="0" mb="0" cb="0"/><line nr="96" mi="4" ci="0" mb="0" cb="0"/><line nr="97" mi="4" ci="0" mb="0" cb="0"/><line nr="99" mi="5" ci="0" mb="0" cb="0"/><line nr="100" mi="4" ci="0" mb="0" cb="0"/><line nr="101" mi="4" ci="0" mb="0" cb="0"/><line nr="103" mi="5" ci="0" mb="0" cb="0"/><line nr="104" mi="4" ci="0" mb="0" cb="0"/><line nr="105" mi="4" ci="0" mb="0" cb="0"/><line nr="107" mi="5" ci="0" mb="0" cb="0"/><line nr="108" mi="4" ci="0" mb="0" cb="0"/><line nr="109" mi="4" ci="0" mb="0" cb="0"/><line nr="111" mi="5" ci="0" mb="0" cb="0"/><line nr="112" mi="4" ci="0" mb="0" cb="0"/><line nr="113" mi="4" ci="0" mb="0" cb="0"/><line nr="115" mi="5" ci="0" mb="0" cb="0"/><line nr="116" mi="4" ci="0" mb="0" cb="0"/><line nr="117" mi="4" ci="0" mb="0" cb="0"/><line nr="119" mi="5" ci="0" mb="0" cb="0"/><line nr="120" mi="4" ci="0" mb="0" cb="0"/><line nr="121" mi="4" ci="0" mb="0" cb="0"/><line nr="123" mi="5" ci="0" mb="0" cb="0"/><line nr="124" mi="4" ci="0" mb="0" cb="0"/><line nr="125" mi="4" ci="0" mb="0" cb="0"/><line nr="127" mi="5" ci="0" mb="0" cb="0"/><line nr="128" mi="4" ci="0" mb="0" cb="0"/><line nr="129" mi="4" ci="0" mb="0" cb="0"/><line nr="131" mi="5" ci="0" mb="0" cb="0"/><line nr="132" mi="4" ci="0" mb="0" cb="0"/><line nr="133" mi="4" ci="0" mb="0" cb="0"/><line nr="135" mi="5" ci="0" mb="0" cb="0"/><line nr="136" mi="4" ci="0" mb="0" cb="0"/><line nr="137" mi="4" ci="0" mb="0" cb="0"/><line nr="139" mi="5" ci="0" mb="0" cb="0"/><line nr="140" mi="4" ci="0" mb="0" cb="0"/><line nr="141" mi="4" ci="0" mb="0" cb="0"/><line nr="143" mi="5" ci="0" mb="0" cb="0"/><line nr="144" mi="4" ci="0" mb="0" cb="0"/><line nr="145" mi="4" ci="0" mb="0" cb="0"/><line nr="147" mi="5" ci="0" mb="0" cb="0"/><line nr="148" mi="4" ci="0" mb="0" cb="0"/><line nr="149" mi="4" ci="0" mb="0" cb="0"/><line nr="151" mi="5" ci="0" mb="0" cb="0"/><line nr="152" mi="4" ci="0" mb="0" cb="0"/><line nr="153" mi="4" ci="0" mb="0" cb="0"/><line nr="155" mi="5" ci="0" mb="0" cb="0"/><line nr="156" mi="4" ci="0" mb="0" cb="0"/><line nr="157" mi="4" ci="0" mb="0" cb="0"/><line nr="159" mi="5" ci="0" mb="0" cb="0"/><line nr="160" mi="4" ci="0" mb="0" cb="0"/><line nr="161" mi="4" ci="0" mb="0" cb="0"/><line nr="163" mi="5" ci="0" mb="0" cb="0"/><line nr="164" mi="4" ci="0" mb="0" cb="0"/><line nr="165" mi="4" ci="0" mb="0" cb="0"/><line nr="167" mi="5" ci="0" mb="0" cb="0"/><line nr="168" mi="4" ci="0" mb="0" cb="0"/><line nr="169" mi="4" ci="0" mb="0" cb="0"/><line nr="171" mi="5" ci="0" mb="0" cb="0"/><line nr="172" mi="4" ci="0" mb="0" cb="0"/><line nr="173" mi="4" ci="0" mb="0" cb="0"/><line nr="175" mi="5" ci="0" mb="0" cb="0"/><line nr="176" mi="4" ci="0" mb="0" cb="0"/><line nr="177" mi="4" ci="0" mb="0" cb="0"/><line nr="179" mi="5" ci="0" mb="0" cb="0"/><line nr="180" mi="4" ci="0" mb="0" cb="0"/><line nr="181" mi="4" ci="0" mb="0" cb="0"/><line nr="183" mi="5" ci="0" mb="0" cb="0"/><line nr="184" mi="4" ci="0" mb="0" cb="0"/><line nr="185" mi="4" ci="0" mb="0" cb="0"/><line nr="187" mi="5" ci="0" mb="0" cb="0"/><line nr="188" mi="4" ci="0" mb="0" cb="0"/><line nr="189" mi="4" ci="0" mb="0" cb="0"/><line nr="191" mi="5" ci="0" mb="0" cb="0"/><line nr="192" mi="4" ci="0" mb="0" cb="0"/><line nr="193" mi="4" ci="0" mb="0" cb="0"/><line nr="195" mi="5" ci="0" mb="0" cb="0"/><line nr="196" mi="4" ci="0" mb="0" cb="0"/><line nr="197" mi="4" ci="0" mb="0" cb="0"/><line nr="199" mi="5" ci="0" mb="0" cb="0"/><line nr="200" mi="4" ci="0" mb="0" cb="0"/><line nr="201" mi="4" ci="0" mb="0" cb="0"/><line nr="203" mi="5" ci="0" mb="0" cb="0"/><line nr="204" mi="4" ci="0" mb="0" cb="0"/><line nr="205" mi="4" ci="0" mb="0" cb="0"/><line nr="207" mi="5" ci="0" mb="0" cb="0"/><line nr="208" mi="4" ci="0" mb="0" cb="0"/><line nr="209" mi="4" ci="0" mb="0" cb="0"/><line nr="211" mi="5" ci="0" mb="0" cb="0"/><line nr="212" mi="4" ci="0" mb="0" cb="0"/><line nr="213" mi="4" ci="0" mb="0" cb="0"/><line nr="215" mi="5" ci="0" mb="0" cb="0"/><line nr="216" mi="4" ci="0" mb="0" cb="0"/><line nr="217" mi="4" ci="0" mb="0" cb="0"/><line nr="221" mi="5" ci="0" mb="0" cb="0"/><line nr="222" mi="4" ci="0" mb="0" cb="0"/><line nr="223" mi="4" ci="0" mb="0" cb="0"/><line nr="225" mi="5" ci="0" mb="0" cb="0"/><line nr="226" mi="4" ci="0" mb="0" cb="0"/><line nr="227" mi="4" ci="0" mb="0" cb="0"/><line nr="229" mi="5" ci="0" mb="0" cb="0"/><line nr="230" mi="4" ci="0" mb="0" cb="0"/><line nr="231" mi="4" ci="0" mb="0" cb="0"/><line nr="233" mi="5" ci="0" mb="0" cb="0"/><line nr="234" mi="4" ci="0" mb="0" cb="0"/><line nr="235" mi="4" ci="0" mb="0" cb="0"/><line nr="238" mi="5" ci="0" mb="0" cb="0"/><line nr="239" mi="4" ci="0" mb="0" cb="0"/><line nr="240" mi="4" ci="0" mb="0" cb="0"/><line nr="242" mi="5" ci="0" mb="0" cb="0"/><line nr="243" mi="4" ci="0" mb="0" cb="0"/><line nr="244" mi="4" ci="0" mb="0" cb="0"/><line nr="246" mi="5" ci="0" mb="0" cb="0"/><line nr="247" mi="4" ci="0" mb="0" cb="0"/><line nr="248" mi="4" ci="0" mb="0" cb="0"/><line nr="250" mi="5" ci="0" mb="0" cb="0"/><line nr="251" mi="4" ci="0" mb="0" cb="0"/><line nr="252" mi="4" ci="0" mb="0" cb="0"/><line nr="253" mi="1" ci="0" mb="0" cb="0"/><line nr="256" mi="2" ci="0" mb="0" cb="0"/><line nr="257" mi="4" ci="0" mb="0" cb="0"/><line nr="262" mi="5" ci="0" mb="0" cb="0"/><line nr="263" mi="4" ci="0" mb="0" cb="0"/><line nr="264" mi="4" ci="0" mb="0" cb="0"/><line nr="266" mi="5" ci="0" mb="0" cb="0"/><line nr="267" mi="4" ci="0" mb="0" cb="0"/><line nr="268" mi="4" ci="0" mb="0" cb="0"/><line nr="270" mi="5" ci="0" mb="0" cb="0"/><line nr="271" mi="4" ci="0" mb="0" cb="0"/><line nr="272" mi="4" ci="0" mb="0" cb="0"/><line nr="274" mi="5" ci="0" mb="0" cb="0"/><line nr="275" mi="4" ci="0" mb="0" cb="0"/><line nr="276" mi="4" ci="0" mb="0" cb="0"/><line nr="278" mi="5" ci="0" mb="0" cb="0"/><line nr="279" mi="4" ci="0" mb="0" cb="0"/><line nr="280" mi="4" ci="0" mb="0" cb="0"/><line nr="282" mi="5" ci="0" mb="0" cb="0"/><line nr="283" mi="4" ci="0" mb="0" cb="0"/><line nr="284" mi="4" ci="0" mb="0" cb="0"/><line nr="286" mi="5" ci="0" mb="0" cb="0"/><line nr="287" mi="4" ci="0" mb="0" cb="0"/><line nr="288" mi="4" ci="0" mb="0" cb="0"/><line nr="290" mi="5" ci="0" mb="0" cb="0"/><line nr="291" mi="4" ci="0" mb="0" cb="0"/><line nr="292" mi="4" ci="0" mb="0" cb="0"/><line nr="294" mi="5" ci="0" mb="0" cb="0"/><line nr="295" mi="4" ci="0" mb="0" cb="0"/><line nr="296" mi="4" ci="0" mb="0" cb="0"/><line nr="298" mi="5" ci="0" mb="0" cb="0"/><line nr="299" mi="4" ci="0" mb="0" cb="0"/><line nr="300" mi="4" ci="0" mb="0" cb="0"/><line nr="302" mi="5" ci="0" mb="0" cb="0"/><line nr="303" mi="4" ci="0" mb="0" cb="0"/><line nr="304" mi="4" ci="0" mb="0" cb="0"/><line nr="306" mi="5" ci="0" mb="0" cb="0"/><line nr="307" mi="4" ci="0" mb="0" cb="0"/><line nr="308" mi="4" ci="0" mb="0" cb="0"/><line nr="310" mi="5" ci="0" mb="0" cb="0"/><line nr="311" mi="4" ci="0" mb="0" cb="0"/><line nr="312" mi="4" ci="0" mb="0" cb="0"/><line nr="314" mi="5" ci="0" mb="0" cb="0"/><line nr="315" mi="4" ci="0" mb="0" cb="0"/><line nr="316" mi="4" ci="0" mb="0" cb="0"/><line nr="318" mi="5" ci="0" mb="0" cb="0"/><line nr="319" mi="4" ci="0" mb="0" cb="0"/><line nr="320" mi="4" ci="0" mb="0" cb="0"/><line nr="322" mi="5" ci="0" mb="0" cb="0"/><line nr="323" mi="4" ci="0" mb="0" cb="0"/><line nr="324" mi="4" ci="0" mb="0" cb="0"/><line nr="328" mi="5" ci="0" mb="0" cb="0"/><line nr="329" mi="4" ci="0" mb="0" cb="0"/><line nr="330" mi="4" ci="0" mb="0" cb="0"/><line nr="332" mi="5" ci="0" mb="0" cb="0"/><line nr="333" mi="4" ci="0" mb="0" cb="0"/><line nr="334" mi="4" ci="0" mb="0" cb="0"/><line nr="336" mi="5" ci="0" mb="0" cb="0"/><line nr="337" mi="4" ci="0" mb="0" cb="0"/><line nr="338" mi="4" ci="0" mb="0" cb="0"/><line nr="340" mi="5" ci="0" mb="0" cb="0"/><line nr="341" mi="4" ci="0" mb="0" cb="0"/><line nr="342" mi="4" ci="0" mb="0" cb="0"/><line nr="344" mi="5" ci="0" mb="0" cb="0"/><line nr="345" mi="4" ci="0" mb="0" cb="0"/><line nr="346" mi="4" ci="0" mb="0" cb="0"/><line nr="348" mi="5" ci="0" mb="0" cb="0"/><line nr="349" mi="4" ci="0" mb="0" cb="0"/><line nr="350" mi="4" ci="0" mb="0" cb="0"/><line nr="352" mi="5" ci="0" mb="0" cb="0"/><line nr="353" mi="4" ci="0" mb="0" cb="0"/><line nr="354" mi="4" ci="0" mb="0" cb="0"/><line nr="356" mi="5" ci="0" mb="0" cb="0"/><line nr="357" mi="4" ci="0" mb="0" cb="0"/><line nr="358" mi="4" ci="0" mb="0" cb="0"/><line nr="360" mi="5" ci="0" mb="0" cb="0"/><line nr="361" mi="4" ci="0" mb="0" cb="0"/><line nr="362" mi="4" ci="0" mb="0" cb="0"/><line nr="364" mi="5" ci="0" mb="0" cb="0"/><line nr="365" mi="4" ci="0" mb="0" cb="0"/><line nr="366" mi="4" ci="0" mb="0" cb="0"/><line nr="368" mi="5" ci="0" mb="0" cb="0"/><line nr="369" mi="4" ci="0" mb="0" cb="0"/><line nr="370" mi="4" ci="0" mb="0" cb="0"/><line nr="374" mi="5" ci="0" mb="0" cb="0"/><line nr="375" mi="4" ci="0" mb="0" cb="0"/><line nr="376" mi="4" ci="0" mb="0" cb="0"/><line nr="378" mi="5" ci="0" mb="0" cb="0"/><line nr="379" mi="4" ci="0" mb="0" cb="0"/><line nr="380" mi="4" ci="0" mb="0" cb="0"/><line nr="382" mi="5" ci="0" mb="0" cb="0"/><line nr="383" mi="4" ci="0" mb="0" cb="0"/><line nr="384" mi="4" ci="0" mb="0" cb="0"/><line nr="386" mi="5" ci="0" mb="0" cb="0"/><line nr="387" mi="4" ci="0" mb="0" cb="0"/><line nr="388" mi="4" ci="0" mb="0" cb="0"/><line nr="390" mi="5" ci="0" mb="0" cb="0"/><line nr="391" mi="4" ci="0" mb="0" cb="0"/><line nr="392" mi="4" ci="0" mb="0" cb="0"/><line nr="394" mi="5" ci="0" mb="0" cb="0"/><line nr="395" mi="4" ci="0" mb="0" cb="0"/><line nr="396" mi="4" ci="0" mb="0" cb="0"/><line nr="401" mi="5" ci="0" mb="0" cb="0"/><line nr="402" mi="4" ci="0" mb="0" cb="0"/><line nr="403" mi="4" ci="0" mb="0" cb="0"/><line nr="405" mi="5" ci="0" mb="0" cb="0"/><line nr="406" mi="4" ci="0" mb="0" cb="0"/><line nr="407" mi="4" ci="0" mb="0" cb="0"/><line nr="409" mi="5" ci="0" mb="0" cb="0"/><line nr="410" mi="4" ci="0" mb="0" cb="0"/><line nr="411" mi="4" ci="0" mb="0" cb="0"/><line nr="413" mi="5" ci="0" mb="0" cb="0"/><line nr="414" mi="4" ci="0" mb="0" cb="0"/><line nr="415" mi="4" ci="0" mb="0" cb="0"/><line nr="417" mi="5" ci="0" mb="0" cb="0"/><line nr="418" mi="4" ci="0" mb="0" cb="0"/><line nr="419" mi="4" ci="0" mb="0" cb="0"/><line nr="421" mi="5" ci="0" mb="0" cb="0"/><line nr="422" mi="4" ci="0" mb="0" cb="0"/><line nr="423" mi="4" ci="0" mb="0" cb="0"/><line nr="425" mi="5" ci="0" mb="0" cb="0"/><line nr="426" mi="4" ci="0" mb="0" cb="0"/><line nr="427" mi="4" ci="0" mb="0" cb="0"/><line nr="429" mi="5" ci="0" mb="0" cb="0"/><line nr="430" mi="4" ci="0" mb="0" cb="0"/><line nr="431" mi="4" ci="0" mb="0" cb="0"/><line nr="433" mi="5" ci="0" mb="0" cb="0"/><line nr="434" mi="4" ci="0" mb="0" cb="0"/><line nr="435" mi="4" ci="0" mb="0" cb="0"/><line nr="439" mi="5" ci="0" mb="0" cb="0"/><line nr="440" mi="4" ci="0" mb="0" cb="0"/><line nr="441" mi="4" ci="0" mb="0" cb="0"/><line nr="443" mi="5" ci="0" mb="0" cb="0"/><line nr="444" mi="4" ci="0" mb="0" cb="0"/><line nr="445" mi="4" ci="0" mb="0" cb="0"/><line nr="447" mi="5" ci="0" mb="0" cb="0"/><line nr="448" mi="4" ci="0" mb="0" cb="0"/><line nr="449" mi="4" ci="0" mb="0" cb="0"/><line nr="451" mi="5" ci="0" mb="0" cb="0"/><line nr="452" mi="4" ci="0" mb="0" cb="0"/><line nr="453" mi="4" ci="0" mb="0" cb="0"/><line nr="455" mi="5" ci="0" mb="0" cb="0"/><line nr="456" mi="4" ci="0" mb="0" cb="0"/><line nr="457" mi="4" ci="0" mb="0" cb="0"/><line nr="459" mi="5" ci="0" mb="0" cb="0"/><line nr="460" mi="4" ci="0" mb="0" cb="0"/><line nr="461" mi="4" ci="0" mb="0" cb="0"/><line nr="463" mi="5" ci="0" mb="0" cb="0"/><line nr="464" mi="4" ci="0" mb="0" cb="0"/><line nr="465" mi="4" ci="0" mb="0" cb="0"/><line nr="470" mi="5" ci="0" mb="0" cb="0"/><line nr="471" mi="4" ci="0" mb="0" cb="0"/><line nr="472" mi="4" ci="0" mb="0" cb="0"/><line nr="474" mi="5" ci="0" mb="0" cb="0"/><line nr="475" mi="4" ci="0" mb="0" cb="0"/><line nr="476" mi="4" ci="0" mb="0" cb="0"/><line nr="478" mi="5" ci="0" mb="0" cb="0"/><line nr="479" mi="4" ci="0" mb="0" cb="0"/><line nr="480" mi="4" ci="0" mb="0" cb="0"/><line nr="482" mi="5" ci="0" mb="0" cb="0"/><line nr="483" mi="4" ci="0" mb="0" cb="0"/><line nr="484" mi="4" ci="0" mb="0" cb="0"/><line nr="487" mi="5" ci="0" mb="0" cb="0"/><line nr="488" mi="4" ci="0" mb="0" cb="0"/><line nr="489" mi="4" ci="0" mb="0" cb="0"/><line nr="491" mi="5" ci="0" mb="0" cb="0"/><line nr="492" mi="4" ci="0" mb="0" cb="0"/><line nr="493" mi="4" ci="0" mb="0" cb="0"/><line nr="495" mi="5" ci="0" mb="0" cb="0"/><line nr="496" mi="4" ci="0" mb="0" cb="0"/><line nr="497" mi="4" ci="0" mb="0" cb="0"/><line nr="499" mi="5" ci="0" mb="0" cb="0"/><line nr="500" mi="4" ci="0" mb="0" cb="0"/><line nr="501" mi="4" ci="0" mb="0" cb="0"/><line nr="502" mi="1" ci="0" mb="0" cb="0"/><line nr="506" mi="2" ci="0" mb="0" cb="0"/><line nr="507" mi="4" ci="0" mb="0" cb="0"/><line nr="512" mi="5" ci="0" mb="0" cb="0"/><line nr="513" mi="4" ci="0" mb="0" cb="0"/><line nr="514" mi="4" ci="0" mb="0" cb="0"/><line nr="516" mi="5" ci="0" mb="0" cb="0"/><line nr="517" mi="4" ci="0" mb="0" cb="0"/><line nr="518" mi="4" ci="0" mb="0" cb="0"/><line nr="520" mi="5" ci="0" mb="0" cb="0"/><line nr="521" mi="4" ci="0" mb="0" cb="0"/><line nr="522" mi="4" ci="0" mb="0" cb="0"/><line nr="524" mi="5" ci="0" mb="0" cb="0"/><line nr="525" mi="4" ci="0" mb="0" cb="0"/><line nr="526" mi="4" ci="0" mb="0" cb="0"/><line nr="528" mi="5" ci="0" mb="0" cb="0"/><line nr="529" mi="4" ci="0" mb="0" cb="0"/><line nr="530" mi="4" ci="0" mb="0" cb="0"/><line nr="532" mi="5" ci="0" mb="0" cb="0"/><line nr="533" mi="4" ci="0" mb="0" cb="0"/><line nr="534" mi="4" ci="0" mb="0" cb="0"/><line nr="536" mi="5" ci="0" mb="0" cb="0"/><line nr="537" mi="4" ci="0" mb="0" cb="0"/><line nr="538" mi="4" ci="0" mb="0" cb="0"/><line nr="540" mi="5" ci="0" mb="0" cb="0"/><line nr="541" mi="4" ci="0" mb="0" cb="0"/><line nr="542" mi="4" ci="0" mb="0" cb="0"/><line nr="544" mi="5" ci="0" mb="0" cb="0"/><line nr="545" mi="4" ci="0" mb="0" cb="0"/><line nr="546" mi="4" ci="0" mb="0" cb="0"/><line nr="548" mi="5" ci="0" mb="0" cb="0"/><line nr="549" mi="4" ci="0" mb="0" cb="0"/><line nr="550" mi="4" ci="0" mb="0" cb="0"/><line nr="552" mi="5" ci="0" mb="0" cb="0"/><line nr="553" mi="4" ci="0" mb="0" cb="0"/><line nr="554" mi="4" ci="0" mb="0" cb="0"/><line nr="556" mi="5" ci="0" mb="0" cb="0"/><line nr="557" mi="4" ci="0" mb="0" cb="0"/><line nr="558" mi="4" ci="0" mb="0" cb="0"/><line nr="560" mi="5" ci="0" mb="0" cb="0"/><line nr="561" mi="4" ci="0" mb="0" cb="0"/><line nr="562" mi="4" ci="0" mb="0" cb="0"/><line nr="564" mi="5" ci="0" mb="0" cb="0"/><line nr="565" mi="4" ci="0" mb="0" cb="0"/><line nr="566" mi="4" ci="0" mb="0" cb="0"/><line nr="568" mi="5" ci="0" mb="0" cb="0"/><line nr="569" mi="4" ci="0" mb="0" cb="0"/><line nr="570" mi="4" ci="0" mb="0" cb="0"/><line nr="572" mi="5" ci="0" mb="0" cb="0"/><line nr="573" mi="4" ci="0" mb="0" cb="0"/><line nr="574" mi="4" ci="0" mb="0" cb="0"/><line nr="576" mi="5" ci="0" mb="0" cb="0"/><line nr="577" mi="4" ci="0" mb="0" cb="0"/><line nr="578" mi="4" ci="0" mb="0" cb="0"/><line nr="580" mi="5" ci="0" mb="0" cb="0"/><line nr="581" mi="4" ci="0" mb="0" cb="0"/><line nr="582" mi="4" ci="0" mb="0" cb="0"/><line nr="584" mi="5" ci="0" mb="0" cb="0"/><line nr="585" mi="4" ci="0" mb="0" cb="0"/><line nr="586" mi="4" ci="0" mb="0" cb="0"/><line nr="588" mi="5" ci="0" mb="0" cb="0"/><line nr="589" mi="4" ci="0" mb="0" cb="0"/><line nr="590" mi="4" ci="0" mb="0" cb="0"/><line nr="592" mi="5" ci="0" mb="0" cb="0"/><line nr="593" mi="4" ci="0" mb="0" cb="0"/><line nr="594" mi="4" ci="0" mb="0" cb="0"/><line nr="596" mi="5" ci="0" mb="0" cb="0"/><line nr="597" mi="4" ci="0" mb="0" cb="0"/><line nr="598" mi="4" ci="0" mb="0" cb="0"/><line nr="600" mi="5" ci="0" mb="0" cb="0"/><line nr="601" mi="4" ci="0" mb="0" cb="0"/><line nr="602" mi="4" ci="0" mb="0" cb="0"/><line nr="604" mi="5" ci="0" mb="0" cb="0"/><line nr="605" mi="4" ci="0" mb="0" cb="0"/><line nr="606" mi="4" ci="0" mb="0" cb="0"/><line nr="608" mi="5" ci="0" mb="0" cb="0"/><line nr="609" mi="4" ci="0" mb="0" cb="0"/><line nr="610" mi="4" ci="0" mb="0" cb="0"/><line nr="612" mi="5" ci="0" mb="0" cb="0"/><line nr="613" mi="4" ci="0" mb="0" cb="0"/><line nr="614" mi="4" ci="0" mb="0" cb="0"/><line nr="616" mi="5" ci="0" mb="0" cb="0"/><line nr="617" mi="4" ci="0" mb="0" cb="0"/><line nr="618" mi="4" ci="0" mb="0" cb="0"/><line nr="620" mi="5" ci="0" mb="0" cb="0"/><line nr="621" mi="4" ci="0" mb="0" cb="0"/><line nr="622" mi="4" ci="0" mb="0" cb="0"/><line nr="624" mi="5" ci="0" mb="0" cb="0"/><line nr="625" mi="4" ci="0" mb="0" cb="0"/><line nr="626" mi="4" ci="0" mb="0" cb="0"/><line nr="628" mi="5" ci="0" mb="0" cb="0"/><line nr="629" mi="4" ci="0" mb="0" cb="0"/><line nr="630" mi="4" ci="0" mb="0" cb="0"/><line nr="632" mi="5" ci="0" mb="0" cb="0"/><line nr="633" mi="4" ci="0" mb="0" cb="0"/><line nr="634" mi="4" ci="0" mb="0" cb="0"/><line nr="636" mi="5" ci="0" mb="0" cb="0"/><line nr="637" mi="4" ci="0" mb="0" cb="0"/><line nr="638" mi="4" ci="0" mb="0" cb="0"/><line nr="640" mi="5" ci="0" mb="0" cb="0"/><line nr="641" mi="4" ci="0" mb="0" cb="0"/><line nr="642" mi="4" ci="0" mb="0" cb="0"/><line nr="644" mi="5" ci="0" mb="0" cb="0"/><line nr="645" mi="4" ci="0" mb="0" cb="0"/><line nr="646" mi="4" ci="0" mb="0" cb="0"/><line nr="648" mi="5" ci="0" mb="0" cb="0"/><line nr="649" mi="4" ci="0" mb="0" cb="0"/><line nr="650" mi="4" ci="0" mb="0" cb="0"/><line nr="652" mi="5" ci="0" mb="0" cb="0"/><line nr="653" mi="4" ci="0" mb="0" cb="0"/><line nr="654" mi="4" ci="0" mb="0" cb="0"/><line nr="656" mi="5" ci="0" mb="0" cb="0"/><line nr="657" mi="4" ci="0" mb="0" cb="0"/><line nr="658" mi="4" ci="0" mb="0" cb="0"/><line nr="660" mi="5" ci="0" mb="0" cb="0"/><line nr="661" mi="4" ci="0" mb="0" cb="0"/><line nr="662" mi="4" ci="0" mb="0" cb="0"/><line nr="664" mi="5" ci="0" mb="0" cb="0"/><line nr="665" mi="4" ci="0" mb="0" cb="0"/><line nr="666" mi="4" ci="0" mb="0" cb="0"/><line nr="668" mi="5" ci="0" mb="0" cb="0"/><line nr="669" mi="4" ci="0" mb="0" cb="0"/><line nr="670" mi="4" ci="0" mb="0" cb="0"/><line nr="672" mi="5" ci="0" mb="0" cb="0"/><line nr="673" mi="4" ci="0" mb="0" cb="0"/><line nr="674" mi="4" ci="0" mb="0" cb="0"/><line nr="676" mi="5" ci="0" mb="0" cb="0"/><line nr="677" mi="4" ci="0" mb="0" cb="0"/><line nr="678" mi="4" ci="0" mb="0" cb="0"/><line nr="680" mi="5" ci="0" mb="0" cb="0"/><line nr="681" mi="4" ci="0" mb="0" cb="0"/><line nr="682" mi="4" ci="0" mb="0" cb="0"/><line nr="684" mi="5" ci="0" mb="0" cb="0"/><line nr="685" mi="4" ci="0" mb="0" cb="0"/><line nr="686" mi="4" ci="0" mb="0" cb="0"/><line nr="688" mi="5" ci="0" mb="0" cb="0"/><line nr="689" mi="4" ci="0" mb="0" cb="0"/><line nr="690" mi="4" ci="0" mb="0" cb="0"/><line nr="692" mi="5" ci="0" mb="0" cb="0"/><line nr="693" mi="4" ci="0" mb="0" cb="0"/><line nr="694" mi="4" ci="0" mb="0" cb="0"/><line nr="696" mi="5" ci="0" mb="0" cb="0"/><line nr="697" mi="4" ci="0" mb="0" cb="0"/><line nr="698" mi="4" ci="0" mb="0" cb="0"/><line nr="700" mi="5" ci="0" mb="0" cb="0"/><line nr="701" mi="4" ci="0" mb="0" cb="0"/><line nr="702" mi="4" ci="0" mb="0" cb="0"/><line nr="707" mi="5" ci="0" mb="0" cb="0"/><line nr="708" mi="4" ci="0" mb="0" cb="0"/><line nr="709" mi="4" ci="0" mb="0" cb="0"/><line nr="711" mi="5" ci="0" mb="0" cb="0"/><line nr="712" mi="4" ci="0" mb="0" cb="0"/><line nr="713" mi="4" ci="0" mb="0" cb="0"/><line nr="715" mi="5" ci="0" mb="0" cb="0"/><line nr="716" mi="4" ci="0" mb="0" cb="0"/><line nr="717" mi="4" ci="0" mb="0" cb="0"/><line nr="719" mi="5" ci="0" mb="0" cb="0"/><line nr="720" mi="4" ci="0" mb="0" cb="0"/><line nr="721" mi="4" ci="0" mb="0" cb="0"/><line nr="724" mi="5" ci="0" mb="0" cb="0"/><line nr="725" mi="4" ci="0" mb="0" cb="0"/><line nr="726" mi="4" ci="0" mb="0" cb="0"/><line nr="728" mi="5" ci="0" mb="0" cb="0"/><line nr="729" mi="4" ci="0" mb="0" cb="0"/><line nr="730" mi="4" ci="0" mb="0" cb="0"/><line nr="732" mi="5" ci="0" mb="0" cb="0"/><line nr="733" mi="4" ci="0" mb="0" cb="0"/><line nr="734" mi="4" ci="0" mb="0" cb="0"/><line nr="736" mi="5" ci="0" mb="0" cb="0"/><line nr="737" mi="4" ci="0" mb="0" cb="0"/><line nr="738" mi="4" ci="0" mb="0" cb="0"/><line nr="739" mi="1" ci="0" mb="0" cb="0"/><line nr="743" mi="2" ci="0" mb="0" cb="0"/><line nr="744" mi="4" ci="0" mb="0" cb="0"/><line nr="748" mi="5" ci="0" mb="0" cb="0"/><line nr="749" mi="4" ci="0" mb="0" cb="0"/><line nr="750" mi="4" ci="0" mb="0" cb="0"/><line nr="752" mi="5" ci="0" mb="0" cb="0"/><line nr="753" mi="4" ci="0" mb="0" cb="0"/><line nr="754" mi="4" ci="0" mb="0" cb="0"/><line nr="756" mi="5" ci="0" mb="0" cb="0"/><line nr="757" mi="4" ci="0" mb="0" cb="0"/><line nr="758" mi="4" ci="0" mb="0" cb="0"/><line nr="760" mi="5" ci="0" mb="0" cb="0"/><line nr="761" mi="4" ci="0" mb="0" cb="0"/><line nr="762" mi="4" ci="0" mb="0" cb="0"/><line nr="764" mi="5" ci="0" mb="0" cb="0"/><line nr="765" mi="4" ci="0" mb="0" cb="0"/><line nr="766" mi="4" ci="0" mb="0" cb="0"/><line nr="768" mi="5" ci="0" mb="0" cb="0"/><line nr="769" mi="4" ci="0" mb="0" cb="0"/><line nr="770" mi="4" ci="0" mb="0" cb="0"/><line nr="772" mi="5" ci="0" mb="0" cb="0"/><line nr="773" mi="4" ci="0" mb="0" cb="0"/><line nr="774" mi="4" ci="0" mb="0" cb="0"/><line nr="776" mi="5" ci="0" mb="0" cb="0"/><line nr="777" mi="4" ci="0" mb="0" cb="0"/><line nr="778" mi="4" ci="0" mb="0" cb="0"/><line nr="780" mi="5" ci="0" mb="0" cb="0"/><line nr="781" mi="4" ci="0" mb="0" cb="0"/><line nr="782" mi="4" ci="0" mb="0" cb="0"/><line nr="784" mi="5" ci="0" mb="0" cb="0"/><line nr="785" mi="4" ci="0" mb="0" cb="0"/><line nr="786" mi="4" ci="0" mb="0" cb="0"/><line nr="788" mi="5" ci="0" mb="0" cb="0"/><line nr="789" mi="4" ci="0" mb="0" cb="0"/><line nr="790" mi="4" ci="0" mb="0" cb="0"/><line nr="792" mi="5" ci="0" mb="0" cb="0"/><line nr="793" mi="4" ci="0" mb="0" cb="0"/><line nr="794" mi="4" ci="0" mb="0" cb="0"/><line nr="796" mi="5" ci="0" mb="0" cb="0"/><line nr="797" mi="4" ci="0" mb="0" cb="0"/><line nr="798" mi="4" ci="0" mb="0" cb="0"/><line nr="800" mi="5" ci="0" mb="0" cb="0"/><line nr="801" mi="4" ci="0" mb="0" cb="0"/><line nr="802" mi="4" ci="0" mb="0" cb="0"/><line nr="804" mi="5" ci="0" mb="0" cb="0"/><line nr="805" mi="4" ci="0" mb="0" cb="0"/><line nr="806" mi="4" ci="0" mb="0" cb="0"/><line nr="808" mi="5" ci="0" mb="0" cb="0"/><line nr="809" mi="4" ci="0" mb="0" cb="0"/><line nr="810" mi="4" ci="0" mb="0" cb="0"/><line nr="812" mi="5" ci="0" mb="0" cb="0"/><line nr="813" mi="4" ci="0" mb="0" cb="0"/><line nr="814" mi="4" ci="0" mb="0" cb="0"/><line nr="816" mi="5" ci="0" mb="0" cb="0"/><line nr="817" mi="4" ci="0" mb="0" cb="0"/><line nr="818" mi="4" ci="0" mb="0" cb="0"/><line nr="820" mi="5" ci="0" mb="0" cb="0"/><line nr="821" mi="4" ci="0" mb="0" cb="0"/><line nr="822" mi="4" ci="0" mb="0" cb="0"/><line nr="824" mi="5" ci="0" mb="0" cb="0"/><line nr="825" mi="4" ci="0" mb="0" cb="0"/><line nr="826" mi="4" ci="0" mb="0" cb="0"/><line nr="828" mi="5" ci="0" mb="0" cb="0"/><line nr="829" mi="4" ci="0" mb="0" cb="0"/><line nr="830" mi="4" ci="0" mb="0" cb="0"/><line nr="832" mi="5" ci="0" mb="0" cb="0"/><line nr="833" mi="4" ci="0" mb="0" cb="0"/><line nr="834" mi="4" ci="0" mb="0" cb="0"/><line nr="836" mi="5" ci="0" mb="0" cb="0"/><line nr="837" mi="4" ci="0" mb="0" cb="0"/><line nr="838" mi="4" ci="0" mb="0" cb="0"/><line nr="840" mi="5" ci="0" mb="0" cb="0"/><line nr="841" mi="4" ci="0" mb="0" cb="0"/><line nr="842" mi="4" ci="0" mb="0" cb="0"/><line nr="844" mi="5" ci="0" mb="0" cb="0"/><line nr="845" mi="4" ci="0" mb="0" cb="0"/><line nr="846" mi="4" ci="0" mb="0" cb="0"/><line nr="848" mi="5" ci="0" mb="0" cb="0"/><line nr="849" mi="4" ci="0" mb="0" cb="0"/><line nr="850" mi="4" ci="0" mb="0" cb="0"/><line nr="852" mi="5" ci="0" mb="0" cb="0"/><line nr="853" mi="4" ci="0" mb="0" cb="0"/><line nr="854" mi="4" ci="0" mb="0" cb="0"/><line nr="856" mi="5" ci="0" mb="0" cb="0"/><line nr="857" mi="4" ci="0" mb="0" cb="0"/><line nr="858" mi="4" ci="0" mb="0" cb="0"/><line nr="860" mi="5" ci="0" mb="0" cb="0"/><line nr="861" mi="4" ci="0" mb="0" cb="0"/><line nr="862" mi="4" ci="0" mb="0" cb="0"/><line nr="864" mi="5" ci="0" mb="0" cb="0"/><line nr="865" mi="4" ci="0" mb="0" cb="0"/><line nr="866" mi="4" ci="0" mb="0" cb="0"/><line nr="868" mi="5" ci="0" mb="0" cb="0"/><line nr="869" mi="4" ci="0" mb="0" cb="0"/><line nr="870" mi="4" ci="0" mb="0" cb="0"/><line nr="872" mi="5" ci="0" mb="0" cb="0"/><line nr="873" mi="4" ci="0" mb="0" cb="0"/><line nr="874" mi="4" ci="0" mb="0" cb="0"/><line nr="876" mi="5" ci="0" mb="0" cb="0"/><line nr="877" mi="4" ci="0" mb="0" cb="0"/><line nr="878" mi="4" ci="0" mb="0" cb="0"/><line nr="880" mi="5" ci="0" mb="0" cb="0"/><line nr="881" mi="4" ci="0" mb="0" cb="0"/><line nr="882" mi="4" ci="0" mb="0" cb="0"/><line nr="884" mi="5" ci="0" mb="0" cb="0"/><line nr="885" mi="4" ci="0" mb="0" cb="0"/><line nr="886" mi="4" ci="0" mb="0" cb="0"/><line nr="888" mi="5" ci="0" mb="0" cb="0"/><line nr="889" mi="4" ci="0" mb="0" cb="0"/><line nr="890" mi="4" ci="0" mb="0" cb="0"/><line nr="892" mi="5" ci="0" mb="0" cb="0"/><line nr="893" mi="4" ci="0" mb="0" cb="0"/><line nr="894" mi="4" ci="0" mb="0" cb="0"/><line nr="896" mi="5" ci="0" mb="0" cb="0"/><line nr="897" mi="4" ci="0" mb="0" cb="0"/><line nr="898" mi="4" ci="0" mb="0" cb="0"/><line nr="900" mi="5" ci="0" mb="0" cb="0"/><line nr="901" mi="4" ci="0" mb="0" cb="0"/><line nr="902" mi="4" ci="0" mb="0" cb="0"/><line nr="904" mi="5" ci="0" mb="0" cb="0"/><line nr="905" mi="4" ci="0" mb="0" cb="0"/><line nr="906" mi="4" ci="0" mb="0" cb="0"/><line nr="910" mi="5" ci="0" mb="0" cb="0"/><line nr="911" mi="4" ci="0" mb="0" cb="0"/><line nr="912" mi="4" ci="0" mb="0" cb="0"/><line nr="914" mi="5" ci="0" mb="0" cb="0"/><line nr="915" mi="4" ci="0" mb="0" cb="0"/><line nr="916" mi="4" ci="0" mb="0" cb="0"/><line nr="918" mi="5" ci="0" mb="0" cb="0"/><line nr="919" mi="4" ci="0" mb="0" cb="0"/><line nr="920" mi="4" ci="0" mb="0" cb="0"/><line nr="922" mi="5" ci="0" mb="0" cb="0"/><line nr="923" mi="4" ci="0" mb="0" cb="0"/><line nr="924" mi="4" ci="0" mb="0" cb="0"/><line nr="926" mi="5" ci="0" mb="0" cb="0"/><line nr="927" mi="4" ci="0" mb="0" cb="0"/><line nr="928" mi="4" ci="0" mb="0" cb="0"/><line nr="930" mi="5" ci="0" mb="0" cb="0"/><line nr="931" mi="4" ci="0" mb="0" cb="0"/><line nr="932" mi="4" ci="0" mb="0" cb="0"/><line nr="934" mi="5" ci="0" mb="0" cb="0"/><line nr="935" mi="4" ci="0" mb="0" cb="0"/><line nr="936" mi="4" ci="0" mb="0" cb="0"/><line nr="938" mi="5" ci="0" mb="0" cb="0"/><line nr="939" mi="4" ci="0" mb="0" cb="0"/><line nr="940" mi="4" ci="0" mb="0" cb="0"/><line nr="942" mi="5" ci="0" mb="0" cb="0"/><line nr="943" mi="4" ci="0" mb="0" cb="0"/><line nr="944" mi="4" ci="0" mb="0" cb="0"/><line nr="946" mi="5" ci="0" mb="0" cb="0"/><line nr="947" mi="4" ci="0" mb="0" cb="0"/><line nr="948" mi="4" ci="0" mb="0" cb="0"/><line nr="950" mi="5" ci="0" mb="0" cb="0"/><line nr="951" mi="4" ci="0" mb="0" cb="0"/><line nr="952" mi="4" ci="0" mb="0" cb="0"/><line nr="954" mi="5" ci="0" mb="0" cb="0"/><line nr="955" mi="4" ci="0" mb="0" cb="0"/><line nr="956" mi="4" ci="0" mb="0" cb="0"/><line nr="958" mi="5" ci="0" mb="0" cb="0"/><line nr="959" mi="4" ci="0" mb="0" cb="0"/><line nr="960" mi="4" ci="0" mb="0" cb="0"/><line nr="962" mi="5" ci="0" mb="0" cb="0"/><line nr="963" mi="4" ci="0" mb="0" cb="0"/><line nr="964" mi="4" ci="0" mb="0" cb="0"/><line nr="966" mi="5" ci="0" mb="0" cb="0"/><line nr="967" mi="4" ci="0" mb="0" cb="0"/><line nr="968" mi="4" ci="0" mb="0" cb="0"/><line nr="972" mi="5" ci="0" mb="0" cb="0"/><line nr="973" mi="4" ci="0" mb="0" cb="0"/><line nr="974" mi="4" ci="0" mb="0" cb="0"/><line nr="976" mi="5" ci="0" mb="0" cb="0"/><line nr="977" mi="4" ci="0" mb="0" cb="0"/><line nr="978" mi="4" ci="0" mb="0" cb="0"/><line nr="980" mi="5" ci="0" mb="0" cb="0"/><line nr="981" mi="4" ci="0" mb="0" cb="0"/><line nr="982" mi="4" ci="0" mb="0" cb="0"/><line nr="984" mi="5" ci="0" mb="0" cb="0"/><line nr="985" mi="4" ci="0" mb="0" cb="0"/><line nr="986" mi="4" ci="0" mb="0" cb="0"/><line nr="990" mi="5" ci="0" mb="0" cb="0"/><line nr="991" mi="4" ci="0" mb="0" cb="0"/><line nr="992" mi="4" ci="0" mb="0" cb="0"/><line nr="994" mi="5" ci="0" mb="0" cb="0"/><line nr="995" mi="4" ci="0" mb="0" cb="0"/><line nr="996" mi="4" ci="0" mb="0" cb="0"/><line nr="998" mi="5" ci="0" mb="0" cb="0"/><line nr="999" mi="4" ci="0" mb="0" cb="0"/><line nr="1000" mi="4" ci="0" mb="0" cb="0"/><line nr="1002" mi="5" ci="0" mb="0" cb="0"/><line nr="1003" mi="4" ci="0" mb="0" cb="0"/><line nr="1004" mi="4" ci="0" mb="0" cb="0"/><line nr="1006" mi="1" ci="0" mb="0" cb="0"/><line nr="1010" mi="2" ci="0" mb="0" cb="0"/><line nr="1011" mi="4" ci="0" mb="0" cb="0"/><line nr="1013" mi="7" ci="0" mb="2" cb="0"/><line nr="1014" mi="5" ci="0" mb="0" cb="0"/><line nr="1015" mi="4" ci="0" mb="0" cb="0"/><line nr="1016" mi="4" ci="0" mb="0" cb="0"/><line nr="1019" mi="5" ci="0" mb="0" cb="0"/><line nr="1020" mi="4" ci="0" mb="0" cb="0"/><line nr="1021" mi="4" ci="0" mb="0" cb="0"/><line nr="1023" mi="5" ci="0" mb="0" cb="0"/><line nr="1024" mi="4" ci="0" mb="0" cb="0"/><line nr="1025" mi="4" ci="0" mb="0" cb="0"/><line nr="1027" mi="5" ci="0" mb="0" cb="0"/><line nr="1028" mi="4" ci="0" mb="0" cb="0"/><line nr="1029" mi="4" ci="0" mb="0" cb="0"/><line nr="1031" mi="5" ci="0" mb="0" cb="0"/><line nr="1032" mi="4" ci="0" mb="0" cb="0"/><line nr="1033" mi="4" ci="0" mb="0" cb="0"/><line nr="1035" mi="5" ci="0" mb="0" cb="0"/><line nr="1036" mi="4" ci="0" mb="0" cb="0"/><line nr="1037" mi="4" ci="0" mb="0" cb="0"/><line nr="1039" mi="5" ci="0" mb="0" cb="0"/><line nr="1040" mi="4" ci="0" mb="0" cb="0"/><line nr="1041" mi="4" ci="0" mb="0" cb="0"/><line nr="1043" mi="5" ci="0" mb="0" cb="0"/><line nr="1044" mi="4" ci="0" mb="0" cb="0"/><line nr="1045" mi="4" ci="0" mb="0" cb="0"/><line nr="1047" mi="5" ci="0" mb="0" cb="0"/><line nr="1048" mi="4" ci="0" mb="0" cb="0"/><line nr="1049" mi="4" ci="0" mb="0" cb="0"/><line nr="1051" mi="5" ci="0" mb="0" cb="0"/><line nr="1052" mi="4" ci="0" mb="0" cb="0"/><line nr="1053" mi="4" ci="0" mb="0" cb="0"/><line nr="1055" mi="5" ci="0" mb="0" cb="0"/><line nr="1056" mi="4" ci="0" mb="0" cb="0"/><line nr="1057" mi="4" ci="0" mb="0" cb="0"/><line nr="1059" mi="5" ci="0" mb="0" cb="0"/><line nr="1060" mi="4" ci="0" mb="0" cb="0"/><line nr="1061" mi="4" ci="0" mb="0" cb="0"/><line nr="1063" mi="5" ci="0" mb="0" cb="0"/><line nr="1064" mi="4" ci="0" mb="0" cb="0"/><line nr="1065" mi="4" ci="0" mb="0" cb="0"/><line nr="1067" mi="5" ci="0" mb="0" cb="0"/><line nr="1068" mi="4" ci="0" mb="0" cb="0"/><line nr="1069" mi="4" ci="0" mb="0" cb="0"/><line nr="1071" mi="5" ci="0" mb="0" cb="0"/><line nr="1072" mi="4" ci="0" mb="0" cb="0"/><line nr="1073" mi="4" ci="0" mb="0" cb="0"/><line nr="1075" mi="5" ci="0" mb="0" cb="0"/><line nr="1076" mi="4" ci="0" mb="0" cb="0"/><line nr="1077" mi="4" ci="0" mb="0" cb="0"/><line nr="1079" mi="5" ci="0" mb="0" cb="0"/><line nr="1080" mi="4" ci="0" mb="0" cb="0"/><line nr="1081" mi="4" ci="0" mb="0" cb="0"/><line nr="1083" mi="5" ci="0" mb="0" cb="0"/><line nr="1084" mi="4" ci="0" mb="0" cb="0"/><line nr="1085" mi="4" ci="0" mb="0" cb="0"/><line nr="1087" mi="5" ci="0" mb="0" cb="0"/><line nr="1088" mi="4" ci="0" mb="0" cb="0"/><line nr="1089" mi="4" ci="0" mb="0" cb="0"/><line nr="1091" mi="5" ci="0" mb="0" cb="0"/><line nr="1092" mi="4" ci="0" mb="0" cb="0"/><line nr="1093" mi="4" ci="0" mb="0" cb="0"/><line nr="1095" mi="5" ci="0" mb="0" cb="0"/><line nr="1096" mi="4" ci="0" mb="0" cb="0"/><line nr="1097" mi="4" ci="0" mb="0" cb="0"/><line nr="1099" mi="5" ci="0" mb="0" cb="0"/><line nr="1100" mi="4" ci="0" mb="0" cb="0"/><line nr="1101" mi="4" ci="0" mb="0" cb="0"/><line nr="1103" mi="5" ci="0" mb="0" cb="0"/><line nr="1104" mi="4" ci="0" mb="0" cb="0"/><line nr="1105" mi="4" ci="0" mb="0" cb="0"/><line nr="1107" mi="5" ci="0" mb="0" cb="0"/><line nr="1108" mi="4" ci="0" mb="0" cb="0"/><line nr="1109" mi="4" ci="0" mb="0" cb="0"/><line nr="1112" mi="5" ci="0" mb="0" cb="0"/><line nr="1113" mi="4" ci="0" mb="0" cb="0"/><line nr="1114" mi="4" ci="0" mb="0" cb="0"/><line nr="1116" mi="5" ci="0" mb="0" cb="0"/><line nr="1117" mi="4" ci="0" mb="0" cb="0"/><line nr="1118" mi="4" ci="0" mb="0" cb="0"/><line nr="1120" mi="5" ci="0" mb="0" cb="0"/><line nr="1121" mi="4" ci="0" mb="0" cb="0"/><line nr="1122" mi="4" ci="0" mb="0" cb="0"/><line nr="1124" mi="5" ci="0" mb="0" cb="0"/><line nr="1125" mi="4" ci="0" mb="0" cb="0"/><line nr="1126" mi="4" ci="0" mb="0" cb="0"/><line nr="1128" mi="5" ci="0" mb="0" cb="0"/><line nr="1129" mi="4" ci="0" mb="0" cb="0"/><line nr="1130" mi="4" ci="0" mb="0" cb="0"/><line nr="1132" mi="5" ci="0" mb="0" cb="0"/><line nr="1133" mi="4" ci="0" mb="0" cb="0"/><line nr="1134" mi="4" ci="0" mb="0" cb="0"/><line nr="1136" mi="5" ci="0" mb="0" cb="0"/><line nr="1137" mi="4" ci="0" mb="0" cb="0"/><line nr="1138" mi="4" ci="0" mb="0" cb="0"/><line nr="1140" mi="5" ci="0" mb="0" cb="0"/><line nr="1141" mi="4" ci="0" mb="0" cb="0"/><line nr="1142" mi="4" ci="0" mb="0" cb="0"/><line nr="1144" mi="5" ci="0" mb="0" cb="0"/><line nr="1145" mi="4" ci="0" mb="0" cb="0"/><line nr="1146" mi="4" ci="0" mb="0" cb="0"/><line nr="1148" mi="5" ci="0" mb="0" cb="0"/><line nr="1149" mi="4" ci="0" mb="0" cb="0"/><line nr="1150" mi="4" ci="0" mb="0" cb="0"/><line nr="1152" mi="5" ci="0" mb="0" cb="0"/><line nr="1153" mi="4" ci="0" mb="0" cb="0"/><line nr="1154" mi="4" ci="0" mb="0" cb="0"/><line nr="1156" mi="5" ci="0" mb="0" cb="0"/><line nr="1157" mi="4" ci="0" mb="0" cb="0"/><line nr="1158" mi="4" ci="0" mb="0" cb="0"/><line nr="1160" mi="5" ci="0" mb="0" cb="0"/><line nr="1161" mi="4" ci="0" mb="0" cb="0"/><line nr="1162" mi="4" ci="0" mb="0" cb="0"/><line nr="1164" mi="5" ci="0" mb="0" cb="0"/><line nr="1165" mi="4" ci="0" mb="0" cb="0"/><line nr="1166" mi="4" ci="0" mb="0" cb="0"/><line nr="1168" mi="5" ci="0" mb="0" cb="0"/><line nr="1169" mi="4" ci="0" mb="0" cb="0"/><line nr="1170" mi="4" ci="0" mb="0" cb="0"/><line nr="1172" mi="5" ci="0" mb="0" cb="0"/><line nr="1173" mi="4" ci="0" mb="0" cb="0"/><line nr="1174" mi="4" ci="0" mb="0" cb="0"/><line nr="1176" mi="5" ci="0" mb="0" cb="0"/><line nr="1177" mi="4" ci="0" mb="0" cb="0"/><line nr="1178" mi="4" ci="0" mb="0" cb="0"/><line nr="1180" mi="5" ci="0" mb="0" cb="0"/><line nr="1181" mi="4" ci="0" mb="0" cb="0"/><line nr="1182" mi="4" ci="0" mb="0" cb="0"/><line nr="1184" mi="5" ci="0" mb="0" cb="0"/><line nr="1185" mi="4" ci="0" mb="0" cb="0"/><line nr="1186" mi="4" ci="0" mb="0" cb="0"/><line nr="1188" mi="5" ci="0" mb="0" cb="0"/><line nr="1189" mi="4" ci="0" mb="0" cb="0"/><line nr="1190" mi="4" ci="0" mb="0" cb="0"/><line nr="1192" mi="5" ci="0" mb="0" cb="0"/><line nr="1193" mi="4" ci="0" mb="0" cb="0"/><line nr="1194" mi="4" ci="0" mb="0" cb="0"/><line nr="1196" mi="5" ci="0" mb="0" cb="0"/><line nr="1197" mi="4" ci="0" mb="0" cb="0"/><line nr="1198" mi="4" ci="0" mb="0" cb="0"/><line nr="1200" mi="5" ci="0" mb="0" cb="0"/><line nr="1201" mi="4" ci="0" mb="0" cb="0"/><line nr="1202" mi="4" ci="0" mb="0" cb="0"/><line nr="1204" mi="5" ci="0" mb="0" cb="0"/><line nr="1205" mi="4" ci="0" mb="0" cb="0"/><line nr="1206" mi="4" ci="0" mb="0" cb="0"/><line nr="1208" mi="5" ci="0" mb="0" cb="0"/><line nr="1209" mi="4" ci="0" mb="0" cb="0"/><line nr="1210" mi="4" ci="0" mb="0" cb="0"/><line nr="1213" mi="5" ci="0" mb="0" cb="0"/><line nr="1214" mi="4" ci="0" mb="0" cb="0"/><line nr="1215" mi="4" ci="0" mb="0" cb="0"/><line nr="1217" mi="5" ci="0" mb="0" cb="0"/><line nr="1218" mi="4" ci="0" mb="0" cb="0"/><line nr="1219" mi="4" ci="0" mb="0" cb="0"/><line nr="1221" mi="5" ci="0" mb="0" cb="0"/><line nr="1222" mi="4" ci="0" mb="0" cb="0"/><line nr="1223" mi="4" ci="0" mb="0" cb="0"/><line nr="1225" mi="5" ci="0" mb="0" cb="0"/><line nr="1226" mi="4" ci="0" mb="0" cb="0"/><line nr="1227" mi="4" ci="0" mb="0" cb="0"/><line nr="1229" mi="5" ci="0" mb="0" cb="0"/><line nr="1230" mi="4" ci="0" mb="0" cb="0"/><line nr="1231" mi="4" ci="0" mb="0" cb="0"/><line nr="1233" mi="5" ci="0" mb="0" cb="0"/><line nr="1234" mi="4" ci="0" mb="0" cb="0"/><line nr="1235" mi="4" ci="0" mb="0" cb="0"/><line nr="1237" mi="5" ci="0" mb="0" cb="0"/><line nr="1238" mi="4" ci="0" mb="0" cb="0"/><line nr="1239" mi="4" ci="0" mb="0" cb="0"/><line nr="1241" mi="5" ci="0" mb="0" cb="0"/><line nr="1242" mi="4" ci="0" mb="0" cb="0"/><line nr="1243" mi="4" ci="0" mb="0" cb="0"/><line nr="1245" mi="5" ci="0" mb="0" cb="0"/><line nr="1246" mi="4" ci="0" mb="0" cb="0"/><line nr="1247" mi="4" ci="0" mb="0" cb="0"/><line nr="1249" mi="5" ci="0" mb="0" cb="0"/><line nr="1250" mi="4" ci="0" mb="0" cb="0"/><line nr="1251" mi="4" ci="0" mb="0" cb="0"/><line nr="1253" mi="5" ci="0" mb="0" cb="0"/><line nr="1254" mi="4" ci="0" mb="0" cb="0"/><line nr="1255" mi="4" ci="0" mb="0" cb="0"/><line nr="1257" mi="5" ci="0" mb="0" cb="0"/><line nr="1258" mi="4" ci="0" mb="0" cb="0"/><line nr="1259" mi="4" ci="0" mb="0" cb="0"/><line nr="1261" mi="5" ci="0" mb="0" cb="0"/><line nr="1262" mi="4" ci="0" mb="0" cb="0"/><line nr="1263" mi="4" ci="0" mb="0" cb="0"/><line nr="1265" mi="5" ci="0" mb="0" cb="0"/><line nr="1266" mi="4" ci="0" mb="0" cb="0"/><line nr="1267" mi="4" ci="0" mb="0" cb="0"/><line nr="1269" mi="5" ci="0" mb="0" cb="0"/><line nr="1270" mi="4" ci="0" mb="0" cb="0"/><line nr="1271" mi="4" ci="0" mb="0" cb="0"/><line nr="1273" mi="5" ci="0" mb="0" cb="0"/><line nr="1274" mi="4" ci="0" mb="0" cb="0"/><line nr="1275" mi="4" ci="0" mb="0" cb="0"/><line nr="1277" mi="5" ci="0" mb="0" cb="0"/><line nr="1278" mi="4" ci="0" mb="0" cb="0"/><line nr="1279" mi="4" ci="0" mb="0" cb="0"/><line nr="1281" mi="5" ci="0" mb="0" cb="0"/><line nr="1282" mi="4" ci="0" mb="0" cb="0"/><line nr="1283" mi="4" ci="0" mb="0" cb="0"/><line nr="1285" mi="5" ci="0" mb="0" cb="0"/><line nr="1286" mi="4" ci="0" mb="0" cb="0"/><line nr="1287" mi="4" ci="0" mb="0" cb="0"/><line nr="1289" mi="5" ci="0" mb="0" cb="0"/><line nr="1290" mi="4" ci="0" mb="0" cb="0"/><line nr="1291" mi="4" ci="0" mb="0" cb="0"/><line nr="1293" mi="5" ci="0" mb="0" cb="0"/><line nr="1294" mi="4" ci="0" mb="0" cb="0"/><line nr="1295" mi="4" ci="0" mb="0" cb="0"/><line nr="1297" mi="5" ci="0" mb="0" cb="0"/><line nr="1298" mi="4" ci="0" mb="0" cb="0"/><line nr="1299" mi="4" ci="0" mb="0" cb="0"/><line nr="1301" mi="5" ci="0" mb="0" cb="0"/><line nr="1302" mi="4" ci="0" mb="0" cb="0"/><line nr="1303" mi="4" ci="0" mb="0" cb="0"/><line nr="1305" mi="5" ci="0" mb="0" cb="0"/><line nr="1306" mi="4" ci="0" mb="0" cb="0"/><line nr="1307" mi="4" ci="0" mb="0" cb="0"/><line nr="1309" mi="5" ci="0" mb="0" cb="0"/><line nr="1310" mi="4" ci="0" mb="0" cb="0"/><line nr="1311" mi="4" ci="0" mb="0" cb="0"/><line nr="1313" mi="5" ci="0" mb="0" cb="0"/><line nr="1314" mi="4" ci="0" mb="0" cb="0"/><line nr="1315" mi="4" ci="0" mb="0" cb="0"/><line nr="1317" mi="5" ci="0" mb="0" cb="0"/><line nr="1318" mi="4" ci="0" mb="0" cb="0"/><line nr="1319" mi="4" ci="0" mb="0" cb="0"/><line nr="1321" mi="5" ci="0" mb="0" cb="0"/><line nr="1322" mi="4" ci="0" mb="0" cb="0"/><line nr="1323" mi="4" ci="0" mb="0" cb="0"/><line nr="1325" mi="5" ci="0" mb="0" cb="0"/><line nr="1326" mi="4" ci="0" mb="0" cb="0"/><line nr="1327" mi="4" ci="0" mb="0" cb="0"/><line nr="1329" mi="5" ci="0" mb="0" cb="0"/><line nr="1330" mi="4" ci="0" mb="0" cb="0"/><line nr="1331" mi="4" ci="0" mb="0" cb="0"/><line nr="1333" mi="5" ci="0" mb="0" cb="0"/><line nr="1334" mi="4" ci="0" mb="0" cb="0"/><line nr="1335" mi="4" ci="0" mb="0" cb="0"/><line nr="1337" mi="5" ci="0" mb="0" cb="0"/><line nr="1338" mi="4" ci="0" mb="0" cb="0"/><line nr="1339" mi="4" ci="0" mb="0" cb="0"/><line nr="1341" mi="5" ci="0" mb="0" cb="0"/><line nr="1342" mi="4" ci="0" mb="0" cb="0"/><line nr="1343" mi="4" ci="0" mb="0" cb="0"/><line nr="1345" mi="5" ci="0" mb="0" cb="0"/><line nr="1346" mi="4" ci="0" mb="0" cb="0"/><line nr="1347" mi="4" ci="0" mb="0" cb="0"/><line nr="1349" mi="5" ci="0" mb="0" cb="0"/><line nr="1350" mi="4" ci="0" mb="0" cb="0"/><line nr="1351" mi="4" ci="0" mb="0" cb="0"/><line nr="1353" mi="5" ci="0" mb="0" cb="0"/><line nr="1354" mi="4" ci="0" mb="0" cb="0"/><line nr="1355" mi="4" ci="0" mb="0" cb="0"/><line nr="1357" mi="5" ci="0" mb="0" cb="0"/><line nr="1358" mi="4" ci="0" mb="0" cb="0"/><line nr="1359" mi="4" ci="0" mb="0" cb="0"/><line nr="1361" mi="5" ci="0" mb="0" cb="0"/><line nr="1362" mi="4" ci="0" mb="0" cb="0"/><line nr="1363" mi="4" ci="0" mb="0" cb="0"/><line nr="1365" mi="5" ci="0" mb="0" cb="0"/><line nr="1366" mi="4" ci="0" mb="0" cb="0"/><line nr="1367" mi="4" ci="0" mb="0" cb="0"/><line nr="1369" mi="5" ci="0" mb="0" cb="0"/><line nr="1370" mi="4" ci="0" mb="0" cb="0"/><line nr="1371" mi="4" ci="0" mb="0" cb="0"/><line nr="1373" mi="5" ci="0" mb="0" cb="0"/><line nr="1374" mi="4" ci="0" mb="0" cb="0"/><line nr="1375" mi="4" ci="0" mb="0" cb="0"/><line nr="1377" mi="5" ci="0" mb="0" cb="0"/><line nr="1378" mi="4" ci="0" mb="0" cb="0"/><line nr="1379" mi="4" ci="0" mb="0" cb="0"/><line nr="1381" mi="5" ci="0" mb="0" cb="0"/><line nr="1382" mi="4" ci="0" mb="0" cb="0"/><line nr="1383" mi="4" ci="0" mb="0" cb="0"/><line nr="1385" mi="5" ci="0" mb="0" cb="0"/><line nr="1386" mi="4" ci="0" mb="0" cb="0"/><line nr="1387" mi="4" ci="0" mb="0" cb="0"/><line nr="1389" mi="5" ci="0" mb="0" cb="0"/><line nr="1390" mi="4" ci="0" mb="0" cb="0"/><line nr="1391" mi="4" ci="0" mb="0" cb="0"/><line nr="1393" mi="5" ci="0" mb="0" cb="0"/><line nr="1394" mi="4" ci="0" mb="0" cb="0"/><line nr="1395" mi="4" ci="0" mb="0" cb="0"/><line nr="1397" mi="5" ci="0" mb="0" cb="0"/><line nr="1398" mi="4" ci="0" mb="0" cb="0"/><line nr="1399" mi="4" ci="0" mb="0" cb="0"/><line nr="1401" mi="5" ci="0" mb="0" cb="0"/><line nr="1402" mi="4" ci="0" mb="0" cb="0"/><line nr="1403" mi="4" ci="0" mb="0" cb="0"/><line nr="1405" mi="5" ci="0" mb="0" cb="0"/><line nr="1406" mi="4" ci="0" mb="0" cb="0"/><line nr="1407" mi="4" ci="0" mb="0" cb="0"/><line nr="1411" mi="5" ci="0" mb="0" cb="0"/><line nr="1412" mi="4" ci="0" mb="0" cb="0"/><line nr="1413" mi="4" ci="0" mb="0" cb="0"/><line nr="1415" mi="5" ci="0" mb="0" cb="0"/><line nr="1416" mi="4" ci="0" mb="0" cb="0"/><line nr="1417" mi="4" ci="0" mb="0" cb="0"/><line nr="1419" mi="5" ci="0" mb="0" cb="0"/><line nr="1420" mi="4" ci="0" mb="0" cb="0"/><line nr="1421" mi="4" ci="0" mb="0" cb="0"/><line nr="1423" mi="5" ci="0" mb="0" cb="0"/><line nr="1424" mi="4" ci="0" mb="0" cb="0"/><line nr="1425" mi="4" ci="0" mb="0" cb="0"/><line nr="1428" mi="5" ci="0" mb="0" cb="0"/><line nr="1429" mi="4" ci="0" mb="0" cb="0"/><line nr="1430" mi="4" ci="0" mb="0" cb="0"/><line nr="1432" mi="5" ci="0" mb="0" cb="0"/><line nr="1433" mi="4" ci="0" mb="0" cb="0"/><line nr="1434" mi="4" ci="0" mb="0" cb="0"/><line nr="1436" mi="5" ci="0" mb="0" cb="0"/><line nr="1437" mi="4" ci="0" mb="0" cb="0"/><line nr="1438" mi="4" ci="0" mb="0" cb="0"/><line nr="1440" mi="5" ci="0" mb="0" cb="0"/><line nr="1441" mi="4" ci="0" mb="0" cb="0"/><line nr="1442" mi="4" ci="0" mb="0" cb="0"/><line nr="1443" mi="1" ci="0" mb="0" cb="0"/><line nr="1445" mi="4" ci="0" mb="0" cb="0"/><line nr="1447" mi="3" ci="0" mb="0" cb="0"/><line nr="1448" mi="1" ci="0" mb="0" cb="0"/><line nr="1451" mi="3" ci="0" mb="0" cb="0"/><counter type="INSTRUCTION" missed="4462" covered="0"/><counter type="BRANCH" missed="2" covered="0"/><counter type="LINE" missed="1038" covered="0"/><counter type="COMPLEXITY" missed="9" covered="0"/><counter type="METHOD" missed="8" covered="0"/><counter type="CLASS" missed="1" covered="0"/></sourcefile><sourcefile name="Tela.java"><line nr="35" mi="5" ci="0" mb="0" cb="0"/><line nr="37" mi="3" ci="0" mb="0" cb="0"/><line nr="39" mi="2" ci="0" mb="0" cb="0"/><line nr="40" mi="2" ci="0" mb="0" cb="0"/><line nr="41" mi="2" ci="0" mb="0" cb="0"/><line nr="42" mi="3" ci="0" mb="0" cb="0"/><line nr="44" mi="3" ci="0" mb="0" cb="0"/><line nr="46" mi="13" ci="0" mb="0" cb="0"/><line nr="47" mi="7" ci="0" mb="0" cb="0"/><line nr="50" mi="5" ci="0" mb="0" cb="0"/><line nr="53" mi="1" ci="0" mb="0" cb="0"/><line nr="57" mi="5" ci="0" mb="0" cb="0"/><line nr="58" mi="1" ci="0" mb="0" cb="0"/><line nr="61" mi="5" ci="0" mb="0" cb="0"/><line nr="62" mi="1" ci="0" mb="0" cb="0"/><line nr="65" mi="3" ci="0" mb="0" cb="0"/><line nr="68" mi="4" ci="0" mb="0" cb="0"/><line nr="70" mi="22" ci="0" mb="0" cb="0"/><line nr="72" mi="7" ci="0" mb="2" cb="0"/><line nr="73" mi="7" ci="0" mb="2" cb="0"/><line nr="76" mi="3" ci="0" mb="2" cb="0"/><line nr="77" mi="10" ci="0" mb="0" cb="0"/><line nr="78" mi="10" ci="0" mb="0" cb="0"/><line nr="79" mi="1" ci="0" mb="0" cb="0"/><line nr="80" mi="4" ci="0" mb="2" cb="0"/><line nr="81" mi="10" ci="0" mb="0" cb="0"/><line nr="82" mi="14" ci="0" mb="0" cb="0"/><line nr="84" mi="1" ci="0" mb="0" cb="0"/><line nr="85" mi="4" ci="0" mb="2" cb="0"/><line nr="86" mi="10" ci="0" mb="0" cb="0"/><line nr="87" mi="14" ci="0" mb="0" cb="0"/><line nr="89" mi="1" ci="0" mb="0" cb="0"/><line nr="90" mi="4" ci="0" mb="2" cb="0"/><line nr="91" mi="10" ci="0" mb="0" cb="0"/><line nr="92" mi="14" ci="0" mb="0" cb="0"/><line nr="94" mi="1" ci="0" mb="0" cb="0"/><line nr="95" mi="4" ci="0" mb="2" cb="0"/><line nr="96" mi="10" ci="0" mb="0" cb="0"/><line nr="97" mi="14" ci="0" mb="0" cb="0"/><line nr="99" mi="1" ci="0" mb="0" cb="0"/><line nr="100" mi="4" ci="0" mb="2" cb="0"/><line nr="101" mi="10" ci="0" mb="0" cb="0"/><line nr="102" mi="14" ci="0" mb="0" cb="0"/><line nr="104" mi="1" ci="0" mb="0" cb="0"/><line nr="105" mi="4" ci="0" mb="2" cb="0"/><line nr="106" mi="10" ci="0" mb="0" cb="0"/><line nr="107" mi="10" ci="0" mb="0" cb="0"/><line nr="108" mi="1" ci="0" mb="0" cb="0"/><line nr="109" mi="4" ci="0" mb="2" cb="0"/><line nr="110" mi="10" ci="0" mb="0" cb="0"/><line nr="111" mi="10" ci="0" mb="0" cb="0"/><line nr="112" mi="1" ci="0" mb="0" cb="0"/><line nr="113" mi="4" ci="0" mb="2" cb="0"/><line nr="114" mi="10" ci="0" mb="0" cb="0"/><line nr="115" mi="10" ci="0" mb="0" cb="0"/><line nr="116" mi="1" ci="0" mb="0" cb="0"/><line nr="117" mi="4" ci="0" mb="2" cb="0"/><line nr="118" mi="10" ci="0" mb="0" cb="0"/><line nr="119" mi="10" ci="0" mb="0" cb="0"/><line nr="122" mi="1" ci="0" mb="0" cb="0"/><line nr="123" mi="7" ci="0" mb="0" cb="0"/><line nr="124" mi="1" ci="0" mb="0" cb="0"/><line nr="129" mi="4" ci="0" mb="2" cb="0"/><line nr="131" mi="5" ci="0" mb="0" cb="0"/><line nr="132" mi="5" ci="0" mb="0" cb="0"/><line nr="135" mi="10" ci="0" mb="4" cb="0"/><line nr="136" mi="3" ci="0" mb="0" cb="0"/><line nr="137" mi="6" ci="0" mb="0" cb="0"/><line nr="138" mi="5" ci="0" mb="0" cb="0"/><line nr="139" mi="4" ci="0" mb="0" cb="0"/><line nr="140" mi="5" ci="0" mb="0" cb="0"/><line nr="141" mi="5" ci="0" mb="0" cb="0"/><line nr="142" mi="4" ci="0" mb="0" cb="0"/><line nr="143" mi="4" ci="0" mb="0" cb="0"/><line nr="146" mi="10" ci="0" mb="4" cb="0"/><line nr="147" mi="3" ci="0" mb="0" cb="0"/><line nr="148" mi="6" ci="0" mb="0" cb="0"/><line nr="149" mi="5" ci="0" mb="0" cb="0"/><line nr="150" mi="4" ci="0" mb="0" cb="0"/><line nr="151" mi="5" ci="0" mb="0" cb="0"/><line nr="152" mi="5" ci="0" mb="0" cb="0"/><line nr="153" mi="4" ci="0" mb="0" cb="0"/><line nr="154" mi="4" ci="0" mb="0" cb="0"/><line nr="157" mi="10" ci="0" mb="4" cb="0"/><line nr="158" mi="3" ci="0" mb="0" cb="0"/><line nr="159" mi="6" ci="0" mb="0" cb="0"/><line nr="160" mi="5" ci="0" mb="0" cb="0"/><line nr="161" mi="4" ci="0" mb="0" cb="0"/><line nr="162" mi="5" ci="0" mb="0" cb="0"/><line nr="163" mi="5" ci="0" mb="0" cb="0"/><line nr="164" mi="4" ci="0" mb="0" cb="0"/><line nr="165" mi="4" ci="0" mb="0" cb="0"/><line nr="168" mi="10" ci="0" mb="4" cb="0"/><line nr="169" mi="3" ci="0" mb="0" cb="0"/><line nr="170" mi="6" ci="0" mb="0" cb="0"/><line nr="171" mi="5" ci="0" mb="0" cb="0"/><line nr="172" mi="4" ci="0" mb="0" cb="0"/><line nr="173" mi="5" ci="0" mb="0" cb="0"/><line nr="174" mi="5" ci="0" mb="0" cb="0"/><line nr="175" mi="4" ci="0" mb="0" cb="0"/><line nr="176" mi="4" ci="0" mb="0" cb="0"/><line nr="181" mi="6" ci="0" mb="2" cb="0"/><line nr="182" mi="4" ci="0" mb="2" cb="0"/><line nr="183" mi="3" ci="0" mb="0" cb="0"/><line nr="184" mi="4" ci="0" mb="0" cb="0"/><line nr="189" mi="10" ci="0" mb="4" cb="0"/><line nr="190" mi="3" ci="0" mb="0" cb="0"/><line nr="191" mi="3" ci="0" mb="0" cb="0"/><line nr="195" mi="2" ci="0" mb="0" cb="0"/><line nr="196" mi="3" ci="0" mb="0" cb="0"/><line nr="197" mi="4" ci="0" mb="2" cb="0"/><line nr="198" mi="3" ci="0" mb="0" cb="0"/><line nr="200" mi="1" ci="0" mb="0" cb="0"/><line nr="203" mi="11" ci="0" mb="0" cb="0"/><line nr="205" mi="3" ci="0" mb="0" cb="0"/><line nr="206" mi="1" ci="0" mb="0" cb="0"/><line nr="208" mi="4" ci="0" mb="0" cb="0"/><line nr="209" mi="5" ci="0" mb="0" cb="0"/><line nr="210" mi="1" ci="0" mb="0" cb="0"/><line nr="214" mi="4" ci="0" mb="2" cb="0"/><line nr="215" mi="4" ci="0" mb="0" cb="0"/><line nr="219" mi="4" ci="0" mb="2" cb="0"/><line nr="220" mi="2" ci="0" mb="0" cb="0"/><line nr="221" mi="12" ci="0" mb="0" cb="0"/><line nr="223" mi="3" ci="0" mb="2" cb="0"/><line nr="224" mi="6" ci="0" mb="2" cb="0"/><line nr="225" mi="3" ci="0" mb="0" cb="0"/><line nr="226" mi="4" ci="0" mb="2" cb="0"/><line nr="230" mi="5" ci="0" mb="2" cb="0"/><line nr="231" mi="2" ci="0" mb="0" cb="0"/><line nr="232" mi="12" ci="0" mb="0" cb="0"/><line nr="234" mi="3" ci="0" mb="2" cb="0"/><line nr="235" mi="6" ci="0" mb="2" cb="0"/><line nr="236" mi="3" ci="0" mb="0" cb="0"/><line nr="237" mi="4" ci="0" mb="2" cb="0"/><line nr="241" mi="5" ci="0" mb="2" cb="0"/><line nr="242" mi="2" ci="0" mb="0" cb="0"/><line nr="243" mi="12" ci="0" mb="0" cb="0"/><line nr="245" mi="3" ci="0" mb="2" cb="0"/><line nr="246" mi="6" ci="0" mb="2" cb="0"/><line nr="247" mi="3" ci="0" mb="0" cb="0"/><line nr="248" mi="4" ci="0" mb="2" cb="0"/><line nr="252" mi="5" ci="0" mb="2" cb="0"/><line nr="253" mi="2" ci="0" mb="0" cb="0"/><line nr="254" mi="12" ci="0" mb="0" cb="0"/><line nr="256" mi="3" ci="0" mb="2" cb="0"/><line nr="257" mi="6" ci="0" mb="2" cb="0"/><line nr="258" mi="3" ci="0" mb="0" cb="0"/><line nr="259" mi="4" ci="0" mb="2" cb="0"/><line nr="263" mi="1" ci="0" mb="0" cb="0"/><line nr="266" mi="4" ci="0" mb="2" cb="0"/><line nr="267" mi="6" ci="0" mb="0" cb="0"/><line nr="268" mi="5" ci="0" mb="0" cb="0"/><line nr="269" mi="4" ci="0" mb="0" cb="0"/><line nr="270" mi="5" ci="0" mb="0" cb="0"/><line nr="271" mi="5" ci="0" mb="0" cb="0"/><line nr="272" mi="4" ci="0" mb="0" cb="0"/><line nr="273" mi="4" ci="0" mb="0" cb="0"/><line nr="277" mi="4" ci="0" mb="2" cb="0"/><line nr="278" mi="4" ci="0" mb="0" cb="0"/><line nr="282" mi="4" ci="0" mb="2" cb="0"/><line nr="283" mi="4" ci="0" mb="0" cb="0"/><line nr="287" mi="8" ci="0" mb="4" cb="0"/><line nr="288" mi="4" ci="0" mb="0" cb="0"/><line nr="292" mi="8" ci="0" mb="4" cb="0"/><line nr="293" mi="4" ci="0" mb="0" cb="0"/><line nr="297" mi="4" ci="0" mb="2" cb="0"/><line nr="298" mi="6" ci="0" mb="0" cb="0"/><line nr="302" mi="4" ci="0" mb="2" cb="0"/><line nr="303" mi="3" ci="0" mb="0" cb="0"/><line nr="304" mi="3" ci="0" mb="0" cb="0"/><line nr="305" mi="4" ci="0" mb="0" cb="0"/><line nr="306" mi="4" ci="0" mb="0" cb="0"/><line nr="307" mi="5" ci="0" mb="0" cb="0"/><line nr="311" mi="4" ci="0" mb="2" cb="0"/><line nr="312" mi="8" ci="0" mb="0" cb="0"/><line nr="313" mi="3" ci="0" mb="0" cb="0"/><line nr="315" mi="1" ci="0" mb="0" cb="0"/><line nr="319" mi="3" ci="0" mb="0" cb="0"/><line nr="320" mi="3" ci="0" mb="0" cb="0"/><line nr="322" mi="11" ci="0" mb="0" cb="0"/><line nr="325" mi="9" ci="0" mb="0" cb="0"/><line nr="327" mi="2" ci="0" mb="0" cb="0"/><line nr="328" mi="1" ci="0" mb="0" cb="0"/><line nr="334" mi="3" ci="0" mb="0" cb="0"/><line nr="335" mi="3" ci="0" mb="0" cb="0"/><line nr="336" mi="3" ci="0" mb="0" cb="0"/><line nr="337" mi="3" ci="0" mb="0" cb="0"/><line nr="338" mi="3" ci="0" mb="0" cb="0"/><line nr="340" mi="6" ci="0" mb="0" cb="0"/><line nr="341" mi="4" ci="0" mb="0" cb="0"/><line nr="342" mi="4" ci="0" mb="0" cb="0"/><line nr="343" mi="4" ci="0" mb="0" cb="0"/><line nr="344" mi="1" ci="0" mb="0" cb="0"/><line nr="346" mi="4" ci="0" mb="0" cb="0"/><line nr="347" mi="4" ci="0" mb="0" cb="0"/><line nr="348" mi="1" ci="0" mb="0" cb="0"/><line nr="351" mi="2" ci="0" mb="0" cb="0"/><line nr="352" mi="1" ci="0" mb="0" cb="0"/><line nr="357" mi="1" ci="0" mb="0" cb="0"/><line nr="360" mi="1" ci="0" mb="0" cb="0"/><line nr="363" mi="1" ci="0" mb="0" cb="0"/><line nr="366" mi="1" ci="0" mb="0" cb="0"/><line nr="369" mi="1" ci="0" mb="0" cb="0"/><line nr="372" mi="1" ci="0" mb="0" cb="0"/><line nr="375" mi="1" ci="0" mb="0" cb="0"/><line nr="378" mi="1" ci="0" mb="0" cb="0"/><line nr="383" mi="11" ci="0" mb="2" cb="0"/><line nr="385" mi="3" ci="0" mb="0" cb="0"/><line nr="387" mi="10" ci="0" mb="4" cb="0"/><line nr="388" mi="3" ci="0" mb="2" cb="0"/><line nr="389" mi="3" ci="0" mb="0" cb="0"/><line nr="391" mi="3" ci="0" mb="2" cb="0"/><line nr="393" mi="6" ci="0" mb="0" cb="0"/><line nr="395" mi="3" ci="0" mb="2" cb="0"/><line nr="396" mi="3" ci="0" mb="0" cb="0"/><line nr="398" mi="3" ci="0" mb="0" cb="0"/><line nr="400" mi="1" ci="0" mb="0" cb="0"/><line nr="401" mi="3" ci="0" mb="0" cb="0"/><line nr="407" mi="11" ci="0" mb="2" cb="0"/><line nr="409" mi="3" ci="0" mb="0" cb="0"/><line nr="411" mi="10" ci="0" mb="4" cb="0"/><line nr="413" mi="3" ci="0" mb="0" cb="0"/><line nr="417" mi="1" ci="0" mb="0" cb="0"/><line nr="418" mi="3" ci="0" mb="0" cb="0"/><line nr="423" mi="2" ci="0" mb="0" cb="0"/><line nr="425" mi="2" ci="0" mb="5" cb="0"/><line nr="427" mi="10" ci="0" mb="0" cb="0"/><line nr="428" mi="3" ci="0" mb="2" cb="0"/><line nr="429" mi="5" ci="0" mb="2" cb="0"/><line nr="430" mi="7" ci="0" mb="0" cb="0"/><line nr="432" mi="3" ci="0" mb="2" cb="0"/><line nr="433" mi="3" ci="0" mb="0" cb="0"/><line nr="434" mi="2" ci="0" mb="0" cb="0"/><line nr="436" mi="2" ci="0" mb="0" cb="0"/><line nr="439" mi="10" ci="0" mb="0" cb="0"/><line nr="440" mi="3" ci="0" mb="2" cb="0"/><line nr="441" mi="5" ci="0" mb="2" cb="0"/><line nr="442" mi="7" ci="0" mb="0" cb="0"/><line nr="444" mi="3" ci="0" mb="2" cb="0"/><line nr="445" mi="3" ci="0" mb="0" cb="0"/><line nr="446" mi="2" ci="0" mb="0" cb="0"/><line nr="448" mi="2" ci="0" mb="0" cb="0"/><line nr="451" mi="10" ci="0" mb="0" cb="0"/><line nr="452" mi="3" ci="0" mb="2" cb="0"/><line nr="453" mi="5" ci="0" mb="2" cb="0"/><line nr="454" mi="7" ci="0" mb="0" cb="0"/><line nr="456" mi="3" ci="0" mb="2" cb="0"/><line nr="457" mi="3" ci="0" mb="0" cb="0"/><line nr="458" mi="2" ci="0" mb="0" cb="0"/><line nr="460" mi="2" ci="0" mb="0" cb="0"/><line nr="463" mi="10" ci="0" mb="0" cb="0"/><line nr="464" mi="3" ci="0" mb="2" cb="0"/><line nr="465" mi="5" ci="0" mb="2" cb="0"/><line nr="466" mi="7" ci="0" mb="0" cb="0"/><line nr="468" mi="3" ci="0" mb="2" cb="0"/><line nr="469" mi="3" ci="0" mb="0" cb="0"/><line nr="470" mi="2" ci="0" mb="0" cb="0"/><line nr="472" mi="2" ci="0" mb="0" cb="0"/><line nr="478" mi="2" ci="0" mb="0" cb="0"/><line nr="484" mi="11" ci="0" mb="2" cb="0"/><line nr="485" mi="3" ci="0" mb="0" cb="0"/><line nr="487" mi="3" ci="0" mb="2" cb="0"/><line nr="488" mi="12" ci="0" mb="4" cb="0"/><line nr="490" mi="3" ci="0" mb="5" cb="0"/><line nr="491" mi="4" ci="0" mb="0" cb="0"/><line nr="492" mi="4" ci="0" mb="0" cb="0"/><line nr="493" mi="4" ci="0" mb="0" cb="0"/><line nr="494" mi="4" ci="0" mb="0" cb="0"/><line nr="495" mi="5" ci="0" mb="0" cb="0"/><line nr="499" mi="2" ci="0" mb="0" cb="0"/><line nr="502" mi="1" ci="0" mb="0" cb="0"/><line nr="504" mi="2" ci="0" mb="0" cb="0"/><line nr="513" mi="5" ci="0" mb="0" cb="0"/><line nr="514" mi="5" ci="0" mb="0" cb="0"/><line nr="515" mi="3" ci="0" mb="0" cb="0"/><line nr="516" mi="3" ci="0" mb="0" cb="0"/><line nr="517" mi="2" ci="0" mb="0" cb="0"/><line nr="518" mi="2" ci="0" mb="0" cb="0"/><line nr="519" mi="1" ci="0" mb="0" cb="0"/><line nr="520" mi="2" ci="0" mb="0" cb="0"/><line nr="521" mi="1" ci="0" mb="0" cb="0"/><line nr="522" mi="1" ci="0" mb="0" cb="0"/><line nr="527" mi="2" ci="0" mb="0" cb="0"/><line nr="528" mi="2" ci="0" mb="0" cb="0"/><line nr="531" mi="5" ci="0" mb="0" cb="0"/><line nr="532" mi="5" ci="0" mb="0" cb="0"/><line nr="533" mi="4" ci="0" mb="0" cb="0"/><line nr="534" mi="3" ci="0" mb="0" cb="0"/><line nr="535" mi="2" ci="0" mb="0" cb="0"/><line nr="536" mi="2" ci="0" mb="0" cb="0"/><line nr="537" mi="1" ci="0" mb="0" cb="0"/><line nr="538" mi="2" ci="0" mb="0" cb="0"/><line nr="539" mi="1" ci="0" mb="0" cb="0"/><line nr="541" mi="2" ci="0" mb="2" cb="0"/><line nr="542" mi="3" ci="0" mb="0" cb="0"/><line nr="545" mi="2" ci="0" mb="0" cb="0"/><line nr="551" mi="11" ci="0" mb="2" cb="0"/><line nr="552" mi="3" ci="0" mb="2" cb="0"/><line nr="553" mi="3" ci="0" mb="0" cb="0"/><line nr="555" mi="1" ci="0" mb="0" cb="0"/><line nr="556" mi="2" ci="0" mb="0" cb="0"/><counter type="INSTRUCTION" missed="1372" covered="0"/><counter type="BRANCH" missed="172" covered="0"/><counter type="LINE" missed="302" covered="0"/><counter type="COMPLEXITY" missed="115" covered="0"/><counter type="METHOD" missed="26" covered="0"/><counter type="CLASS" missed="2" covered="0"/></sourcefile><sourcefile name="ControleDeJogo.java"><line nr="13" mi="2" ci="0" mb="0" cb="0"/><line nr="14" mi="3" ci="0" mb="0" cb="0"/><line nr="15" mi="3" ci="0" mb="0" cb="0"/><line nr="16" mi="1" ci="0" mb="0" cb="0"/><line nr="20" mi="10" ci="0" mb="2" cb="0"/><line nr="21" mi="2" ci="0" mb="0" cb="0"/><line nr="22" mi="1" ci="0" mb="0" cb="0"/><line nr="23" mi="1" ci="0" mb="0" cb="0"/><line nr="27" mi="5" ci="0" mb="0" cb="0"/><line nr="30" mi="8" ci="0" mb="2" cb="0"/><line nr="31" mi="5" ci="0" mb="0" cb="0"/><line nr="34" mi="6" ci="0" mb="2" cb="0"/><line nr="37" mi="9" ci="0" mb="6" cb="0"/><line nr="38" mi="4" ci="0" mb="0" cb="0"/><line nr="42" mi="1" ci="0" mb="0" cb="0"/><line nr="48" mi="8" ci="0" mb="2" cb="0"/><line nr="49" mi="5" ci="0" mb="0" cb="0"/><line nr="51" mi="3" ci="0" mb="2" cb="0"/><line nr="53" mi="2" ci="0" mb="0" cb="0"/><line nr="58" mi="2" ci="0" mb="0" cb="0"/><line nr="64" mi="3" ci="0" mb="0" cb="0"/><line nr="65" mi="3" ci="0" mb="0" cb="0"/><line nr="66" mi="1" ci="0" mb="0" cb="0"/><line nr="70" mi="3" ci="0" mb="0" cb="0"/><line nr="75" mi="3" ci="0" mb="0" cb="0"/><line nr="80" mi="3" ci="0" mb="2" cb="0"/><line nr="81" mi="6" ci="0" mb="0" cb="0"/><line nr="83" mi="1" ci="0" mb="0" cb="0"/><counter type="INSTRUCTION" missed="104" covered="0"/><counter type="BRANCH" missed="18" covered="0"/><counter type="LINE" missed="28" covered="0"/><counter type="COMPLEXITY" missed="17" covered="0"/><counter type="METHOD" missed="8" covered="0"/><counter type="CLASS" missed="1" covered="0"/></sourcefile><counter type="INSTRUCTION" missed="5938" covered="0"/><counter type="BRANCH" missed="192" covered="0"/><counter type="LINE" missed="1368" covered="0"/><counter type="COMPLEXITY" missed="141" covered="0"/><counter type="METHOD" missed="42" covered="0"/><counter type="CLASS" missed="4" covered="0"/></package><package name="com/example/Skooter/Modelo"><class name="com/example/Skooter/Modelo/BlocoSeta" sourcefilename="BlocoSeta.java"><method name="&lt;init&gt;" desc="(Ljava/lang/String;)V" line="11"><counter type="INSTRUCTION" missed="47" covered="0"/><counter type="BRANCH" missed="8" covered="0"/><counter type="LINE" missed="14" covered="0"/><counter type="COMPLEXITY" missed="5" covered="0"/><counter type="METHOD" missed="1" covered="0"/></method><method name="autoDesenho" desc="()V" line="35"><counter type="INSTRUCTION" missed="3" covered="0"/><counter type="LINE" missed="2" covered="0"/><counter type="COMPLEXITY" missed="1" covered="0"/><counter type="METHOD" missed="1" covered="0"/></method><counter type="INSTRUCTION" missed="50" covered="0"/><counter type="BRANCH" missed="8" covered="0"/><counter type="LINE" missed="16" covered="0"/><counter type="COMPLEXITY" missed="6" covered="0"/><counter type="METHOD" missed="2" covered="0"/><counter type="CLASS" missed="1" covered="0"/></class><class name="com/example/Skooter/Modelo/Fruta" sourcefilename="Fruta.java"><method name="&lt;init&gt;" desc="(Ljava/lang/String;)V" line="9"><counter type="INSTRUCTION" missed="13" covered="0"/><counter type="LINE" missed="5" covered="0"/><counter type="COMPLEXITY" missed="1" covered="0"/><counter type="METHOD" missed="1" covered="0"/></method><method name="autoDesenho" desc="()V" line="16"><counter type="INSTRUCTION" missed="3" covered="0"/><counter type="LINE" missed="2" covered="0"/><counter type="COMPLEXITY" missed="1" covered="0"/><counter type="METHOD" missed="1" covered="0"/></method><counter type="INSTRUCTION" missed="16" covered="0"/><counter type="LINE" missed="7" covered="0"/><counter type="COMPLEXITY" missed="2" covered="0"/><counter type="METHOD" missed="2" covered="0"/><counter type="CLASS" missed="1" covered="0"/></class><class name="com/example/Skooter/Modelo/Skoot" sourcefilename="Skoot.java"><method name="&lt;init&gt;" desc="(Ljava/lang/String;)V" line="9"><counter type="INSTRUCTION" missed="7" covered="0"/><counter type="LINE" missed="3" covered="0"/><counter type="COMPLEXITY" missed="1" covered="0"/><counter type="METHOD" missed="1" covered="0"/></method><method name="setVidas" desc="(I)V" line="15"><counter type="INSTRUCTION" missed="4" covered="0"/><counter type="LINE" missed="2" covered="0"/><counter type="COMPLEXITY" missed="1" covered="0"/><counter type="METHOD" missed="1" covered="0"/></method><method name="getVidas" desc="()I" line="19"><counter type="INSTRUCTION" missed="3" covered="0"/><counter type="LINE" missed="1" covered="0"/><counter type="COMPLEXITY" missed="1" covered="0"/><counter type="METHOD" missed="1" covered="0"/></method><method name="perderVida" desc="()V" line="23"><counter type="INSTRUCTION" missed="12" covered="0"/><counter type="LINE" missed="3" covered="0"/><counter type="COMPLEXITY" missed="1" covered="0"/><counter type="METHOD" missed="1" covered="0"/></method><method name="moveUp" desc="()V" line="28"><counter type="INSTRUCTION" missed="9" covered="0"/><counter type="LINE" missed="2" covered="0"/><counter type="COMPLEXITY" missed="1" covered="0"/><counter type="METHOD" missed="1" covered="0"/></method><method name="moveDown" desc="()V" line="32"><counter type="INSTRUCTION" missed="9" covered="0"/><counter type="LINE" missed="2" covered="0"/><counter type="COMPLEXITY" missed="1" covered="0"/><counter type="METHOD" missed="1" covered="0"/></method><method name="moveRight" desc="()V" line="36"><counter type="INSTRUCTION" missed="9" covered="0"/><counter type="LINE" missed="2" covered="0"/><counter type="COMPLEXITY" missed="1" covered="0"/><counter type="METHOD" missed="1" covered="0"/></method><method name="moveLeft" desc="()V" line="40"><counter type="INSTRUCTION" missed="9" covered="0"/><counter type="LINE" missed="2" covered="0"/><counter type="COMPLEXITY" missed="1" covered="0"/><counter type="METHOD" missed="1" covered="0"/></method><counter type="INSTRUCTION" missed="62" covered="0"/><counter type="LINE" missed="17" covered="0"/><counter type="COMPLEXITY" missed="8" covered="0"/><counter type="METHOD" missed="8" covered="0"/><counter type="CLASS" missed="1" covered="0"/></class><class name="com/example/Skooter/Modelo/BlocoEstatico" sourcefilename="BlocoEstatico.java"><method name="&lt;init&gt;" desc="(Lj
[...]
 cb="0"/><line nr="45" mi="3" ci="0" mb="2" cb="0"/><line nr="46" mi="5" ci="0" mb="0" cb="0"/><line nr="48" mi="8" ci="0" mb="0" cb="0"/><line nr="50" mi="2" ci="0" mb="0" cb="0"/><line nr="51" mi="1" ci="0" mb="0" cb="0"/><line nr="54" mi="3" ci="0" mb="0" cb="0"/><counter type="INSTRUCTION" missed="57" covered="0"/><counter type="BRANCH" missed="6" covered="0"/><counter type="LINE" missed="20" covered="0"/><counter type="COMPLEXITY" missed="10" covered="0"/><counter type="METHOD" missed="7" covered="0"/><counter type="CLASS" missed="1" covered="0"/></sourcefile><sourcefile name="Fruta.java"><line nr="9" mi="3" ci="0" mb="0" cb="0"/><line nr="10" mi="3" ci="0" mb="0" cb="0"/><line nr="11" mi="3" ci="0" mb="0" cb="0"/><line nr="12" mi="3" ci="0" mb="0" cb="0"/><line nr="13" mi="1" ci="0" mb="0" cb="0"/><line nr="16" mi="2" ci="0" mb="0" cb="0"/><line nr="17" mi="1" ci="0" mb="0" cb="0"/><counter type="INSTRUCTION" missed="16" covered="0"/><counter type="LINE" missed="7" covered="0"/><counter type="COMPLEXITY" missed="2" covered="0"/><counter type="METHOD" missed="2" covered="0"/><counter type="CLASS" missed="1" covered="0"/></sourcefile><sourcefile name="Skoot.java"><line nr="9" mi="3" ci="0" mb="0" cb="0"/><line nr="10" mi="3" ci="0" mb="0" cb="0"/><line nr="12" mi="1" ci="0" mb="0" cb="0"/><line nr="15" mi="3" ci="0" mb="0" cb="0"/><line nr="16" mi="1" ci="0" mb="0" cb="0"/><line nr="19" mi="3" ci="0" mb="0" cb="0"/><line nr="23" mi="6" ci="0" mb="0" cb="0"/><line nr="24" mi="5" ci="0" mb="0" cb="0"/><line nr="25" mi="1" ci="0" mb="0" cb="0"/><line nr="28" mi="8" ci="0" mb="0" cb="0"/><line nr="29" mi="1" ci="0" mb="0" cb="0"/><line nr="32" mi="8" ci="0" mb="0" cb="0"/><line nr="33" mi="1" ci="0" mb="0" cb="0"/><line nr="36" mi="8" ci="0" mb="0" cb="0"/><line nr="37" mi="1" ci="0" mb="0" cb="0"/><line nr="40" mi="8" ci="0" mb="0" cb="0"/><line nr="41" mi="1" ci="0" mb="0" cb="0"/><counter type="INSTRUCTION" missed="62" covered="0"/><counter type="LINE" missed="17" covered="0"/><counter type="COMPLEXITY" missed="8" covered="0"/><counter type="METHOD" missed="8" covered="0"/><counter type="CLASS" missed="1" covered="0"/></sourcefile><sourcefile name="Personagem.java"><line nr="27" mi="2" ci="0" mb="0" cb="0"/><line nr="28" mi="3" ci="0" mb="0" cb="0"/><line nr="29" mi="7" ci="0" mb="0" cb="0"/><line nr="30" mi="3" ci="0" mb="0" cb="0"/><line nr="31" mi="3" ci="0" mb="0" cb="0"/><line nr="32" mi="3" ci="0" mb="0" cb="0"/><line nr="33" mi="3" ci="0" mb="0" cb="0"/><line nr="34" mi="3" ci="0" mb="0" cb="0"/><line nr="36" mi="13" ci="0" mb="0" cb="0"/><line nr="37" mi="4" ci="0" mb="0" cb="0"/><line nr="38" mi="7" ci="0" mb="0" cb="0"/><line nr="39" mi="3" ci="0" mb="0" cb="0"/><line nr="40" mi="9" ci="0" mb="0" cb="0"/><line nr="41" mi="6" ci="0" mb="0" cb="0"/><line nr="42" mi="1" ci="0" mb="0" cb="0"/><line nr="43" mi="4" ci="0" mb="0" cb="0"/><line nr="44" mi="1" ci="0" mb="0" cb="0"/><line nr="45" mi="1" ci="0" mb="0" cb="0"/><line nr="48" mi="3" ci="0" mb="0" cb="0"/><line nr="52" mi="3" ci="0" mb="0" cb="0"/><line nr="56" mi="4" ci="0" mb="0" cb="0"/><line nr="60" mi="4" ci="0" mb="0" cb="0"/><line nr="64" mi="3" ci="0" mb="0" cb="0"/><line nr="68" mi="3" ci="0" mb="0" cb="0"/><line nr="72" mi="3" ci="0" mb="0" cb="0"/><line nr="73" mi="1" ci="0" mb="0" cb="0"/><line nr="76" mi="3" ci="0" mb="0" cb="0"/><line nr="80" mi="3" ci="0" mb="0" cb="0"/><line nr="81" mi="1" ci="0" mb="0" cb="0"/><line nr="84" mi="3" ci="0" mb="0" cb="0"/><line nr="88" mi="3" ci="0" mb="0" cb="0"/><line nr="89" mi="1" ci="0" mb="0" cb="0"/><line nr="92" mi="3" ci="0" mb="0" cb="0"/><line nr="96" mi="3" ci="0" mb="0" cb="0"/><line nr="97" mi="1" ci="0" mb="0" cb="0"/><line nr="100" mi="9" ci="0" mb="0" cb="0"/><line nr="101" mi="1" ci="0" mb="0" cb="0"/><line nr="104" mi="5" ci="0" mb="0" cb="0"/><line nr="105" mi="1" ci="0" mb="0" cb="0"/><line nr="109" mi="1" ci="0" mb="0" cb="0"/><line nr="113" mi="1" ci="0" mb="0" cb="0"/><line nr="117" mi="1" ci="0" mb="0" cb="0"/><line nr="121" mi="1" ci="0" mb="0" cb="0"/><counter type="INSTRUCTION" missed="141" covered="0"/><counter type="LINE" missed="43" covered="0"/><counter type="COMPLEXITY" missed="20" covered="0"/><counter type="METHOD" missed="20" covered="0"/><counter type="CLASS" missed="1" covered="0"/></sourcefile><sourcefile name="ZigueZague.java"><line nr="13" mi="3" ci="0" mb="0" cb="0"/><line nr="14" mi="3" ci="0" mb="0" cb="0"/><line nr="15" mi="3" ci="0" mb="0" cb="0"/><line nr="16" mi="1" ci="0" mb="0" cb="0"/><line nr="22" mi="4" ci="0" mb="0" cb="0"/><line nr="23" mi="4" ci="0" mb="0" cb="0"/><line nr="25" mi="2" ci="0" mb="2" cb="0"/><line nr="26" mi="13" ci="0" mb="0" cb="0"/><line nr="27" mi="10" ci="0" mb="4" cb="0"/><line nr="28" mi="11" ci="0" mb="0" cb="0"/><line nr="30" mi="3" ci="0" mb="2" cb="0"/><line nr="31" mi="13" ci="0" mb="0" cb="0"/><line nr="32" mi="10" ci="0" mb="4" cb="0"/><line nr="33" mi="11" ci="0" mb="0" cb="0"/><line nr="35" mi="3" ci="0" mb="2" cb="0"/><line nr="36" mi="13" ci="0" mb="0" cb="0"/><line nr="37" mi="10" ci="0" mb="4" cb="0"/><line nr="38" mi="11" ci="0" mb="0" cb="0"/><line nr="40" mi="3" ci="0" mb="2" cb="0"/><line nr="41" mi="13" ci="0" mb="0" cb="0"/><line nr="42" mi="10" ci="0" mb="4" cb="0"/><line nr="43" mi="10" ci="0" mb="0" cb="0"/><line nr="46" mi="2" ci="0" mb="0" cb="0"/><line nr="47" mi="1" ci="0" mb="0" cb="0"/><counter type="INSTRUCTION" missed="167" covered="0"/><counter type="BRANCH" missed="24" covered="0"/><counter type="LINE" missed="24" covered="0"/><counter type="COMPLEXITY" missed="14" covered="0"/><counter type="METHOD" missed="2" covered="0"/><counter type="CLASS" missed="1" covered="0"/></sourcefile><sourcefile name="BlocoEstatico.java"><line nr="10" mi="3" ci="0" mb="0" cb="0"/><line nr="11" mi="3" ci="0" mb="0" cb="0"/><line nr="12" mi="3" ci="0" mb="0" cb="0"/><line nr="14" mi="4" ci="0" mb="2" cb="0"/><line nr="15" mi="4" ci="0" mb="0" cb="0"/><line nr="17" mi="4" ci="0" mb="2" cb="0"/><line nr="18" mi="3" ci="0" mb="0" cb="0"/><line nr="20" mi="1" ci="0" mb="0" cb="0"/><line nr="24" mi="9" ci="0" mb="3" cb="0"/><line nr="26" mi="3" ci="0" mb="0" cb="0"/><line nr="27" mi="2" ci="0" mb="0" cb="0"/><line nr="28" mi="1" ci="0" mb="0" cb="0"/><line nr="29" mi="2" ci="0" mb="0" cb="0"/><line nr="31" mi="1" ci="0" mb="0" cb="0"/><counter type="INSTRUCTION" missed="43" covered="0"/><counter type="BRANCH" missed="7" covered="0"/><counter type="LINE" missed="14" covered="0"/><counter type="COMPLEXITY" missed="6" covered="0"/><counter type="METHOD" missed="2" covered="0"/><counter type="CLASS" missed="1" covered="0"/></sourcefile><sourcefile name="BlocoSeta.java"><line nr="11" mi="3" ci="0" mb="0" cb="0"/><line nr="12" mi="3" ci="0" mb="0" cb="0"/><line nr="13" mi="3" ci="0" mb="0" cb="0"/><line nr="14" mi="3" ci="0" mb="0" cb="0"/><line nr="15" mi="3" ci="0" mb="0" cb="0"/><line nr="17" mi="4" ci="0" mb="2" cb="0"/><line nr="18" mi="4" ci="0" mb="0" cb="0"/><line nr="20" mi="4" ci="0" mb="2" cb="0"/><line nr="21" mi="4" ci="0" mb="0" cb="0"/><line nr="23" mi="4" ci="0" mb="2" cb="0"/><line nr="24" mi="4" ci="0" mb="0" cb="0"/><line nr="26" mi="4" ci="0" mb="2" cb="0"/><line nr="27" mi="3" ci="0" mb="0" cb="0"/><line nr="31" mi="1" ci="0" mb="0" cb="0"/><line nr="35" mi="2" ci="0" mb="0" cb="0"/><line nr="36" mi="1" ci="0" mb="0" cb="0"/><counter type="INSTRUCTION" missed="50" covered="0"/><counter type="BRANCH" missed="8" covered="0"/><counter type="LINE" missed="16" covered="0"/><counter type="COMPLEXITY" missed="6" covered="0"/><counter type="METHOD" missed="2" covered="0"/><counter type="CLASS" missed="1" covered="0"/></sourcefile><counter type="INSTRUCTION" missed="536" covered="0"/><counter type="BRANCH" missed="45" covered="0"/><counter type="LINE" missed="141" covered="0"/><counter type="COMPLEXITY" missed="66" covered="0"/><counter type="METHOD" missed="43" covered="0"/><counter type="CLASS" missed="7" covered="0"/></package><package name="com/example/Skooter"><class name="com/example/Skooter/Main" sourcefilename="Main.java"><method name="&lt;init&gt;" desc="()V" line="5"><counter type="INSTRUCTION" missed="3" covered="0"/><counter type="LINE" missed="1" covered="0"/><counter type="COMPLEXITY" missed="1" covered="0"/><counter type="METHOD" missed="1" covered="0"/></method><method name="main" desc="([Ljava/lang/String;)V" line="7"><counter type="INSTRUCTION" missed="5" covered="0"/><counter type="LINE" missed="2" covered="0"/><counter type="COMPLEXITY" missed="1" covered="0"/><counter type="METHOD" missed="1" covered="0"/></method><counter type="INSTRUCTION" missed="8" covered="0"/><counter type="LINE" missed="3" covered="0"/><counter type="COMPLEXITY" missed="2" covered="0"/><counter type="METHOD" missed="2" covered="0"/><counter type="CLASS" missed="1" covered="0"/></class><class name="com/example/Skooter/Musica" sourcefilename="Musica.java"><method name="&lt;init&gt;" desc="(Ljava/lang/String;)V" line="10"><counter type="INSTRUCTION" missed="21" covered="0"/><counter type="LINE" missed="8" covered="0"/><counter type="COMPLEXITY" missed="1" covered="0"/><counter type="METHOD" missed="1" covered="0"/></method><method name="play" desc="()V" line="21"><counter type="INSTRUCTION" missed="7" covered="0"/><counter type="BRANCH" missed="2" covered="0"/><counter type="LINE" missed="3" covered="0"/><counter type="COMPLEXITY" missed="2" covered="0"/><counter type="METHOD" missed="1" covered="0"/></method><method name="stop" desc="()V" line="27"><counter type="INSTRUCTION" missed="7" covered="0"/><counter type="BRANCH" missed="2" covered="0"/><counter type="LINE" missed="3" covered="0"/><counter type="COMPLEXITY" missed="2" covered="0"/><counter type="METHOD" missed="1" covered="0"/></method><counter type="INSTRUCTION" missed="35" covered="0"/><counter type="BRANCH" missed="4" covered="0"/><counter type="LINE" missed="14" covered="0"/><counter type="COMPLEXITY" missed="5" covered="0"/><counter type="METHOD" missed="3" covered="0"/><counter type="CLASS" missed="1" covered="0"/></class><class name="com/example/Skooter/Main$1" sourcefilename="Main.java"><method name="&lt;init&gt;" desc="()V" line="7"><counter type="INSTRUCTION" missed="3" covered="0"/><counter type="LINE" missed="1" covered="0"/><counter type="COMPLEXITY" missed="1" covered="0"/><counter type="METHOD" missed="1" covered="0"/></method><method name="run" desc="()V" line="9"><counter type="INSTRUCTION" missed="26" covered="0"/><counter type="LINE" missed="8" covered="0"/><counter type="COMPLEXITY" missed="1" covered="0"/><counter type="METHOD" missed="1" covered="0"/></method><counter type="INSTRUCTION" missed="29" covered="0"/><counter type="LINE" missed="9" covered="0"/><counter type="COMPLEXITY" missed="2" covered="0"/><counter type="METHOD" missed="2" covered="0"/><counter type="CLASS" missed="1" covered="0"/></class><sourcefile name="Main.java"><line nr="5" mi="3" ci="0" mb="0" cb="0"/><line nr="7" mi="7" ci="0" mb="0" cb="0"/><line nr="9" mi="6" ci="0" mb="0" cb="0"/><line nr="10" mi="5" ci="0" mb="0" cb="0"/><line nr="11" mi="2" ci="0" mb="0" cb="0"/><line nr="12" mi="4" ci="0" mb="0" cb="0"/><line nr="13" mi="3" ci="0" mb="0" cb="0"/><line nr="14" mi="3" ci="0" mb="0" cb="0"/><line nr="15" mi="2" ci="0" mb="0" cb="0"/><line nr="16" mi="1" ci="0" mb="0" cb="0"/><line nr="18" mi="1" ci="0" mb="0" cb="0"/><counter type="INSTRUCTION" missed="37" covered="0"/><counter type="LINE" missed="11" covered="0"/><counter type="COMPLEXITY" missed="4" covered="0"/><counter type="METHOD" missed="4" covered="0"/><counter type="CLASS" missed="2" covered="0"/></sourcefile><sourcefile name="Musica.java"><line nr="10" mi="2" ci="0" mb="0" cb="0"/><line nr="12" mi="7" ci="0" mb="0" cb="0"/><line nr="13" mi="3" ci="0" mb="0" cb="0"/><line nr="14" mi="4" ci="0" mb="0" cb="0"/><line nr="15" mi="1" ci="0" mb="0" cb="0"/><line nr="16" mi="2" ci="0" mb="0" cb="0"/><line nr="17" mi="1" ci="0" mb="0" cb="0"/><line nr="18" mi="1" ci="0" mb="0" cb="0"/><line nr="21" mi="3" ci="0" mb="2" cb="0"/><line nr="22" mi="3" ci="0" mb="0" cb="0"/><line nr="24" mi="1" ci="0" mb="0" cb="0"/><line nr="27" mi="3" ci="0" mb="2" cb="0"/><line nr="28" mi="3" ci="0" mb="0" cb="0"/><line nr="30" mi="1" ci="0" mb="0" cb="0"/><counter type="INSTRUCTION" missed="35" covered="0"/><counter type="BRANCH" missed="4" covered="0"/><counter type="LINE" missed="14" covered="0"/><counter type="COMPLEXITY" missed="5" covered="0"/><counter type="METHOD" missed="3" covered="0"/><counter type="CLASS" missed="1" covered="0"/></sourcefile><counter type="INSTRUCTION" missed="72" covered="0"/><counter type="BRANCH" missed="4" covered="0"/><counter type="LINE" missed="25" covered="0"/><counter type="COMPLEXITY" missed="9" covered="0"/><counter type="METHOD" missed="7" covered="0"/><counter type="CLASS" missed="3" covered="0"/></package><package name="com/example/Skooter/Auxiliar"><class name="com/example/Skooter/Auxiliar/Consts" sourcefilename="Consts.java"><method name="&lt;init&gt;" desc="()V" line="5"><counter type="INSTRUCTION" missed="3" covered="0"/><counter type="LINE" missed="1" covered="0"/><counter type="COMPLEXITY" missed="1" covered="0"/><counter type="METHOD" missed="1" covered="0"/></method><method name="&lt;clinit&gt;" desc="()V" line="9"><counter type="INSTRUCTION" missed="5" covered="0"/><counter type="LINE" missed="1" covered="0"/><counter type="COMPLEXITY" missed="1" covered="0"/><counter type="METHOD" missed="1" covered="0"/></method><counter type="INSTRUCTION" missed="8" covered="0"/><counter type="LINE" missed="2" covered="0"/><counter type="COMPLEXITY" missed="2" covered="0"/><counter type="METHOD" missed="2" covered="0"/><counter type="CLASS" missed="1" covered="0"/></class><class name="com/example/Skooter/Auxiliar/Desenho" sourcefilename="Desenho.java"><method name="&lt;init&gt;" desc="()V" line="9"><counter type="INSTRUCTION" missed="3" covered="0"/><counter type="LINE" missed="1" covered="0"/><counter type="COMPLEXITY" missed="1" covered="0"/><counter type="METHOD" missed="1" covered="0"/></method><method name="setCenario" desc="(Lcom/example/Skooter/Controler/Tela;)V" line="12"><counter type="INSTRUCTION" missed="3" covered="0"/><counter type="LINE" missed="2" covered="0"/><counter type="COMPLEXITY" missed="1" covered="0"/><counter type="METHOD" missed="1" covered="0"/></method><method name="acessoATelaDoJogo" desc="()Lcom/example/Skooter/Controler/Tela;" line="16"><counter type="INSTRUCTION" missed="2" covered="0"/><counter type="LINE" missed="1" covered="0"/><counter type="COMPLEXITY" missed="1" covered="0"/><counter type="METHOD" missed="1" covered="0"/></method><method name="getGraphicsDaTela" desc="()Ljava/awt/Graphics;" line="20"><counter type="INSTRUCTION" missed="3" covered="0"/><counter type="LINE" missed="1" covered="0"/><counter type="COMPLEXITY" missed="1" covered="0"/><counter type="METHOD" missed="1" covered="0"/></method><method name="desenhar" desc="(Ljavax/swing/ImageIcon;II)V" line="24"><counter type="INSTRUCTION" missed="11" covered="0"/><counter type="LINE" missed="2" covered="0"/><counter type="COMPLEXITY" missed="1" covered="0"/><counter type="METHOD" missed="1" covered="0"/></method><counter type="INSTRUCTION" missed="22" covered="0"/><counter type="LINE" missed="7" covered="0"/><counter type="COMPLEXITY" missed="5" covered="0"/><counter type="METHOD" missed="5" covered="0"/><counter type="CLASS" missed="1" covered="0"/></class><class name="com/example/Skooter/Auxiliar/Posicao" sourcefilename="Posicao.java"><method name="&lt;init&gt;" desc="(II)V" line="9"><counter type="INSTRUCTION" missed="7" covered="0"/><counter type="LINE" missed="3" covered="0"/><counter type="COMPLEXITY" missed="1" covered="0"/><counter type="METHOD" missed="1" covered="0"/></method><method name="setPosicao" desc="(II)V" line="14"><counter type="INSTRUCTION" missed="7" covered="0"/><counter type="LINE" missed="3" covered="0"/><counter type="COMPLEXITY" missed="1" covered="0"/><counter type="METHOD" missed="1" covered="0"/></method><method name="getLinha" desc="()I" line="20"><counter type="INSTRUCTION" missed="3" covered="0"/><counter type="LINE" missed="1" covered="0"/><counter type="COMPLEXITY" missed="1" covered="0"/><counter type="METHOD" missed="1" covered="0"/></method><method name="getColuna" desc="()I" line="24"><counter type="INSTRUCTION" missed="3" covered="0"/><counter type="LINE" missed="1" covered="0"/><counter type="COMPLEXITY" missed="1" covered="0"/><counter type="METHOD" missed="1" covered="0"/></method><method name="igual" desc="(Lcom/example/Skooter/Auxiliar/Posicao;)Z" line="28"><counter type="INSTRUCTION" missed="14" covered="0"/><counter type="BRANCH" missed="4" covered="0"/><counter type="LINE" missed="1" covered="0"/><counter type="COMPLEXITY" missed="3" covered="0"/><counter type="METHOD" missed="1" covered="0"/></method><method name="posicaoValida" desc="()Z" line="34"><counter type="INSTRUCTION" missed="20" covered="0"/><counter type="BRANCH" missed="8" covered="0"/><counter type="LINE" missed="5" covered="0"/><counter type="COMPLEXITY" missed="5" covered="0"/><counter type="METHOD" missed="1" covered="0"/></method><counter type="INSTRUCTION" missed="54" covered="0"/><counter type="BRANCH" missed="12" covered="0"/><counter type="LINE" missed="14" covered="0"/><counter type="COMPLEXITY" missed="12" covered="0"/><counter type="METHOD" missed="6" covered="0"/><counter type="CLASS" missed="1" covered="0"/></class><sourcefile name="Posicao.java"><line nr="9" mi="2" ci="0" mb="0" cb="0"/><line nr="10" mi="4" ci="0" mb="0" cb="0"/><line nr="11" mi="1" ci="0" mb="0" cb="0"/><line nr="14" mi="3" ci="0" mb="0" cb="0"/><line nr="15" mi="3" ci="0" mb="0" cb="0"/><line nr="16" mi="1" ci="0" mb="0" cb="0"/><line nr="20" mi="3" ci="0" mb="0" cb="0"/><line nr="24" mi="3" ci="0" mb="0" cb="0"/><line nr="28" mi="14" ci="0" mb="4" cb="0"/><line nr="34" mi="7" ci="0" mb="4" cb="0"/><line nr="35" mi="2" ci="0" mb="0" cb="0"/><line nr="36" mi="7" ci="0" mb="4" cb="0"/><line nr="37" mi="2" ci="0" mb="0" cb="0"/><line nr="39" mi="2" ci="0" mb="0" cb="0"/><counter type="INSTRUCTION" missed="54" covered="0"/><counter type="BRANCH" missed="12" covered="0"/><counter type="LINE" missed="14" covered="0"/><counter type="COMPLEXITY" missed="12" covered="0"/><counter type="METHOD" missed="6" covered="0"/><counter type="CLASS" missed="1" covered="0"/></sourcefile><sourcefile name="Consts.java"><line nr="5" mi="3" ci="0" mb="0" cb="0"/><line nr="9" mi="5" ci="0" mb="0" cb="0"/><counter type="INSTRUCTION" missed="8" covered="0"/><counter type="LINE" missed="2" covered="0"/><counter type="COMPLEXITY" missed="2" covered="0"/><counter type="METHOD" missed="2" covered="0"/><counter type="CLASS" missed="1" covered="0"/></sourcefile><sourcefile name="Desenho.java"><line nr="9" mi="3" ci="0" mb="0" cb="0"/><line nr="12" mi="2" ci="0" mb="0" cb="0"/><line nr="13" mi="1" ci="0" mb="0" cb="0"/><line nr="16" mi="2" ci="0" mb="0" cb="0"/><line nr="20" mi="3" ci="0" mb="0" cb="0"/><line nr="24" mi="10" ci="0" mb="0" cb="0"/><line nr="25" mi="1" ci="0" mb="0" cb="0"/><counter type="INSTRUCTION" missed="22" covered="0"/><counter type="LINE" missed="7" covered="0"/><counter type="COMPLEXITY" missed="5" covered="0"/><counter type="METHOD" missed="5" covered="0"/><counter type="CLASS" missed="1" covered="0"/></sourcefile><counter type="INSTRUCTION" missed="84" covered="0"/><counter type="BRANCH" missed="12" covered="0"/><counter type="LINE" missed="23" covered="0"/><counter type="COMPLEXITY" missed="19" covered="0"/><counter type="METHOD" missed="13" covered="0"/><counter type="CLASS" missed="3" covered="0"/></package><counter type="INSTRUCTION" missed="6630" covered="0"/><counter type="BRANCH" missed="253" covered="0"/><counter type="LINE" missed="1557" covered="0"/><counter type="COMPLEXITY" missed="235" covered="0"/><counter type="METHOD" missed="105" covered="0"/><counter type="CLASS" missed="17" covered="0"/></report>